<?xml version="1.0" encoding="UTF-8"?>
<!-- Generated by org.testng.reporters.JUnitXMLReporter -->
<testsuite hostname="test" name="personInfoTest" tests="1" failures="0" timestamp="10 Feb 2017 07:59:29 GMT" time="5.075" errors="0">
  <testcase name="@BeforeTest SetUp" time="0.0" classname="com.oribo.android365.testcase.MyHost">
    <failure type="java.lang.NullPointerException">
      <![CDATA[java.lang.NullPointerException
	at com.oribo.common.TestcaseFrame.SetUp(TestcaseFrame.java:53)
	at com.oribo.android365.testcase.MyHost.SetUp(MyHost.java:38)
... Removed 22 stack frames]]>
    </failure>
  </testcase> <!-- @BeforeTest SetUp -->
  <testcase name="@AfterTest tearDown" time="0.0" classname="com.oribo.android365.testcase.MyHost">
    <skipped/>
  </testcase> <!-- @AfterTest tearDown -->
  <testcase name="testMyHost" time="0.013" classname="com.oribo.android365.testcase.MyHost">
    <skipped/>
  </testcase> <!-- testMyHost -->
</testsuite> <!-- personInfoTest -->
