<?xml version="1.0" encoding="UTF-8"?>
<!-- Generated by org.testng.reporters.JUnitXMLReporter -->
<testsuite hostname="test" ignored="9" name="init" tests="47" failures="7" timestamp="17 三月 2017 09:05:35 GMT" time="3243.633" errors="0">
  <testcase name="CheckMyHub" time="3.502" classname="com.oribo.android365.testcase.HomeManage"/>
  <testcase name="addfloor" time="31.829" classname="com.oribo.android365.testcase.HomeManage"/>
  <testcase name="addhome" time="38.513" classname="com.oribo.android365.testcase.HomeManage"/>
  <testcase name="addlink" time="33.798" classname="com.oribo.android365.testcase.HomeManage">
    <skipped/>
  </testcase> <!-- addlink -->
  <testcase name="addlink" time="19.351" classname="com.oribo.android365.testcase.HomeManage"/>
  <testcase name="addroom" time="15.939" classname="com.oribo.android365.testcase.HomeManage"/>
  <testcase name="defaultroom" time="40.047" classname="com.oribo.android365.testcase.HomeManage"/>
  <testcase name="delectfloor" time="47.573" classname="com.oribo.android365.testcase.HomeManage"/>
  <testcase name="deletelink" time="11.948" classname="com.oribo.android365.testcase.HomeManage"/>
  <testcase name="edithome" time="18.863" classname="com.oribo.android365.testcase.HomeManage"/>
  <testcase name="editlinkage" time="24.366" classname="com.oribo.android365.testcase.HomeManage"/>
  <testcase name="familydetails" time="23.462" classname="com.oribo.android365.testcase.HomeManage">
    <skipped/>
  </testcase> <!-- familydetails -->
  <testcase name="familydetails" time="8.276" classname="com.oribo.android365.testcase.HomeManage"/>
  <testcase name="memberoffamily" time="30.226" classname="com.oribo.android365.testcase.HomeManage"/>
  <testcase name="sort" time="5.572" classname="com.oribo.android365.testcase.HomeManage"/>
  <testcase name="checkdefault" time="5.833" classname="com.oribo.android365.testcase.HomeManage"/>
  <testcase name="checkfamilynumber" time="5.796" classname="com.oribo.android365.testcase.HomeManage"/>
  <testcase name="checklinkage" time="5.326" classname="com.oribo.android365.testcase.HomeManage"/>
  <testcase name="delectroom" time="18.709" classname="com.oribo.android365.testcase.HomeManage"/>
  <testcase name="dragfloor" time="8.249" classname="com.oribo.android365.testcase.HomeManage">
    <failure type="java.lang.NoSuchMethodError" message="io.appium.java_client.TouchAction.&amp;lt;init&amp;gt;(Lio/appium/java_client/PerformsTouchActions;)V">
      <![CDATA[java.lang.NoSuchMethodError: io.appium.java_client.TouchAction.<init>(Lio/appium/java_client/PerformsTouchActions;)V
	at com.oribo.android365.testcase.HomeManage.dragfloor(HomeManage.java:889)
... Removed 25 stack frames]]>
    </failure>
  </testcase> <!-- dragfloor -->
  <testcase name="getAdvInfo" time="4.659" classname="com.oribo.android365.testcase.HomeManage"/>
  <testcase name="remindersettings" time="14.056" classname="com.oribo.android365.testcase.HomeManage"/>
  <testcase name="myhost" time="5.335" classname="com.oribo.android365.testcase.HomeManage">
    <failure type="java.lang.AssertionError" message="expected [true] but found [false]">
      <![CDATA[java.lang.AssertionError: expected [true] but found [false]
	at com.oribo.android365.testcase.HomeManage.myhost(HomeManage.java:169)
... Removed 29 stack frames]]>
    </failure>
  </testcase> <!-- myhost -->
  <testcase name="Unboundauthorization" time="6.962" classname="com.oribo.android365.testcase.Personcenter"/>
  <testcase name="about" time="9.624" classname="com.oribo.android365.testcase.Personcenter"/>
  <testcase name="authorizationentrance" time="8.044" classname="com.oribo.android365.testcase.Personcenter"/>
  <testcase name="checkaccount" time="14.9" classname="com.oribo.android365.testcase.Personcenter">
    <failure type="org.openqa.selenium.NoSuchElementException" message="An element could not be located on the page using the given search parameters. (WARNING: The server did not provide any stacktrace information)
Command duration or timeout: 11.45 seconds
For documentation on this error, please visit: http://seleniumhq.org/exceptions/no_such_element.html
Build info: version: &amp;apos;2.52.0&amp;apos;, revision: &amp;apos;4c2593c&amp;apos;, time: &amp;apos;2016-02-11 19:06:42&amp;apos;
System info: host: &amp;apos;test&amp;apos;, ip: &amp;apos;192.168.80.211&amp;apos;, os.name: &amp;apos;Windows 8.1&amp;apos;, os.arch: &amp;apos;amd64&amp;apos;, os.version: &amp;apos;6.3&amp;apos;, java.version: &amp;apos;1.8.0_31&amp;apos;
Driver info: io.appium.java_client.android.AndroidDriver
Capabilities [{appPackage=com.orvibo.homemate, noReset=true, deviceName=492c754e, platform=LINUX, deviceUDID=492c754e, desired={appPackage=com.orvibo.homemate, appActivity=com.orvibo.homemate.common.launch.LaunchActivity, noReset=true, platformVersion=6.0.1, browserName=, unicodeKeyboard=true, sessionOverride=true, platformName=Android, udid=492c754e, deviceName=Android Emulator, device=Selendroid, resetKeyboard=true}, platformVersion=6.0.1, webStorageEnabled=false, takesScreenshot=true, browserName=, javascriptEnabled=true, unicodeKeyboard=true, platformName=Android, udid=492c754e, deviceManufacturer=Xiaomi, resetKeyboard=true, deviceScreenSize=1080x1920, networkConnectionEnabled=true, warnings={}, databaseEnabled=false, appActivity=com.orvibo.homemate.common.launch.LaunchActivity, locationContextEnabled=false, deviceModel=MI NOTE LTE, sessionOverride=true, device=Selendroid}]
Session ID: 22e81c08-02e1-4cd6-9c92-2fea813d5deb">
      <![CDATA[org.openqa.selenium.NoSuchElementException: An element could not be located on the page using the given search parameters. (WARNING: The server did not provide any stacktrace information)
Command duration or timeout: 11.45 seconds
For documentation on this error, please visit: http://seleniumhq.org/exceptions/no_such_element.html
Build info: version: '2.52.0', revision: '4c2593c', time: '2016-02-11 19:06:42'
System info: host: 'test', ip: '192.168.80.211', os.name: 'Windows 8.1', os.arch: 'amd64', os.version: '6.3', java.version: '1.8.0_31'
Driver info: io.appium.java_client.android.AndroidDriver
Capabilities [{appPackage=com.orvibo.homemate, noReset=true, deviceName=492c754e, platform=LINUX, deviceUDID=492c754e, desired={appPackage=com.orvibo.homemate, appActivity=com.orvibo.homemate.common.launch.LaunchActivity, noReset=true, platformVersion=6.0.1, browserName=, unicodeKeyboard=true, sessionOverride=true, platformName=Android, udid=492c754e, deviceName=Android Emulator, device=Selendroid, resetKeyboard=true}, platformVersion=6.0.1, webStorageEnabled=false, takesScreenshot=true, browserName=, javascriptEnabled=true, unicodeKeyboard=true, platformName=Android, udid=492c754e, deviceManufacturer=Xiaomi, resetKeyboard=true, deviceScreenSize=1080x1920, networkConnectionEnabled=true, warnings={}, databaseEnabled=false, appActivity=com.orvibo.homemate.common.launch.LaunchActivity, locationContextEnabled=false, deviceModel=MI NOTE LTE, sessionOverride=true, device=Selendroid}]
Session ID: 22e81c08-02e1-4cd6-9c92-2fea813d5deb
	at org.openqa.selenium.remote.ErrorHandler.createThrowable(ErrorHandler.java:206)
	at org.openqa.selenium.remote.ErrorHandler.throwIfResponseFailed(ErrorHandler.java:158)
	at org.openqa.selenium.remote.RemoteWebDriver.execute(RemoteWebDriver.java:678)
	at io.appium.java_client.DefaultGenericMobileDriver.execute(DefaultGenericMobileDriver.java:42)
	at io.appium.java_client.AppiumDriver.execute(AppiumDriver.java:1)
	at io.appium.java_client.android.AndroidDriver.execute(AndroidDriver.java:1)
	at org.openqa.selenium.remote.RemoteWebElement.execute(RemoteWebElement.java:327)
	at io.appium.java_client.DefaultGenericMobileElement.execute(DefaultGenericMobileElement.java:44)
	at io.appium.java_client.MobileElement.execute(MobileElement.java:1)
	at io.appium.java_client.android.AndroidElement.execute(AndroidElement.java:1)
	at org.openqa.selenium.remote.RemoteWebElement.click(RemoteWebElement.java:85)
	at com.oribo.common.AppOperate.click(AppOperate.java:505)
	at com.oribo.common.TestcaseFrame.enterPersoninfo(TestcaseFrame.java:212)
	at com.oribo.android365.testcase.Personcenter.checkaccount(Personcenter.java:517)
... Removed 29 stack frames]]>
    </failure>
  </testcase> <!-- checkaccount -->
  <testcase name="feedback" time="40.009" classname="com.oribo.android365.testcase.Personcenter"/>
  <testcase name="forgetpassword" time="78.926" classname="com.oribo.android365.testcase.Personcenter"/>
  <testcase name="grephonenumber" time="14.219" classname="com.oribo.android365.testcase.Personcenter"/>
  <testcase name="identifycode" time="85.207" classname="com.oribo.android365.testcase.Personcenter"/>
  <testcase name="lesphonenumber" time="14.342" classname="com.oribo.android365.testcase.Personcenter"/>
  <testcase name="nickNull" time="11.209" classname="com.oribo.android365.testcase.Personcenter"/>
  <testcase name="nickmaxchina" time="19.292" classname="com.oribo.android365.testcase.Personcenter"/>
  <testcase name="nickmaxeng" time="31.724" classname="com.oribo.android365.testcase.Personcenter"/>
  <testcase name="nickmodify" time="14.415" classname="com.oribo.android365.testcase.Personcenter"/>
  <testcase name="notphonenumber" time="14.358" classname="com.oribo.android365.testcase.Personcenter"/>
  <testcase name="phonebind" time="14.286" classname="com.oribo.android365.testcase.Personcenter">
    <failure type="org.openqa.selenium.NoSuchElementException" message="An element could not be located on the page using the given search parameters. (WARNING: The server did not provide any stacktrace information)
Command duration or timeout: 11.22 seconds
For documentation on this error, please visit: http://seleniumhq.org/exceptions/no_such_element.html
Build info: version: &amp;apos;2.52.0&amp;apos;, revision: &amp;apos;4c2593c&amp;apos;, time: &amp;apos;2016-02-11 19:06:42&amp;apos;
System info: host: &amp;apos;test&amp;apos;, ip: &amp;apos;192.168.80.211&amp;apos;, os.name: &amp;apos;Windows 8.1&amp;apos;, os.arch: &amp;apos;amd64&amp;apos;, os.version: &amp;apos;6.3&amp;apos;, java.version: &amp;apos;1.8.0_31&amp;apos;
Driver info: io.appium.java_client.android.AndroidDriver
Capabilities [{appPackage=com.orvibo.homemate, noReset=true, deviceName=492c754e, platform=LINUX, deviceUDID=492c754e, desired={appPackage=com.orvibo.homemate, appActivity=com.orvibo.homemate.common.launch.LaunchActivity, noReset=true, platformVersion=6.0.1, browserName=, unicodeKeyboard=true, sessionOverride=true, platformName=Android, udid=492c754e, deviceName=Android Emulator, device=Selendroid, resetKeyboard=true}, platformVersion=6.0.1, webStorageEnabled=false, takesScreenshot=true, browserName=, javascriptEnabled=true, unicodeKeyboard=true, platformName=Android, udid=492c754e, deviceManufacturer=Xiaomi, resetKeyboard=true, deviceScreenSize=1080x1920, networkConnectionEnabled=true, warnings={}, databaseEnabled=false, appActivity=com.orvibo.homemate.common.launch.LaunchActivity, locationContextEnabled=false, deviceModel=MI NOTE LTE, sessionOverride=true, device=Selendroid}]
Session ID: d8e14a64-7c3f-4eb9-b84b-f693385ce2c6">
      <![CDATA[org.openqa.selenium.NoSuchElementException: An element could not be located on the page using the given search parameters. (WARNING: The server did not provide any stacktrace information)
Command duration or timeout: 11.22 seconds
For documentation on this error, please visit: http://seleniumhq.org/exceptions/no_such_element.html
Build info: version: '2.52.0', revision: '4c2593c', time: '2016-02-11 19:06:42'
System info: host: 'test', ip: '192.168.80.211', os.name: 'Windows 8.1', os.arch: 'amd64', os.version: '6.3', java.version: '1.8.0_31'
Driver info: io.appium.java_client.android.AndroidDriver
Capabilities [{appPackage=com.orvibo.homemate, noReset=true, deviceName=492c754e, platform=LINUX, deviceUDID=492c754e, desired={appPackage=com.orvibo.homemate, appActivity=com.orvibo.homemate.common.launch.LaunchActivity, noReset=true, platformVersion=6.0.1, browserName=, unicodeKeyboard=true, sessionOverride=true, platformName=Android, udid=492c754e, deviceName=Android Emulator, device=Selendroid, resetKeyboard=true}, platformVersion=6.0.1, webStorageEnabled=false, takesScreenshot=true, browserName=, javascriptEnabled=true, unicodeKeyboard=true, platformName=Android, udid=492c754e, deviceManufacturer=Xiaomi, resetKeyboard=true, deviceScreenSize=1080x1920, networkConnectionEnabled=true, warnings={}, databaseEnabled=false, appActivity=com.orvibo.homemate.common.launch.LaunchActivity, locationContextEnabled=false, deviceModel=MI NOTE LTE, sessionOverride=true, device=Selendroid}]
Session ID: d8e14a64-7c3f-4eb9-b84b-f693385ce2c6
	at org.openqa.selenium.remote.ErrorHandler.createThrowable(ErrorHandler.java:206)
	at org.openqa.selenium.remote.ErrorHandler.throwIfResponseFailed(ErrorHandler.java:158)
	at org.openqa.selenium.remote.RemoteWebDriver.execute(RemoteWebDriver.java:678)
	at io.appium.java_client.DefaultGenericMobileDriver.execute(DefaultGenericMobileDriver.java:42)
	at io.appium.java_client.AppiumDriver.execute(AppiumDriver.java:1)
	at io.appium.java_client.android.AndroidDriver.execute(AndroidDriver.java:1)
	at org.openqa.selenium.remote.RemoteWebElement.execute(RemoteWebElement.java:327)
	at io.appium.java_client.DefaultGenericMobileElement.execute(DefaultGenericMobileElement.java:44)
	at io.appium.java_client.MobileElement.execute(MobileElement.java:1)
	at io.appium.java_client.android.AndroidElement.execute(AndroidElement.java:1)
	at org.openqa.selenium.remote.RemoteWebElement.click(RemoteWebElement.java:85)
	at com.oribo.common.AppOperate.click(AppOperate.java:505)
	at com.oribo.common.TestcaseFrame.enterPersoninfo(TestcaseFrame.java:212)
	at com.oribo.android365.testcase.Personcenter.phonebind(Personcenter.java:213)
... Removed 29 stack frames]]>
    </failure>
  </testcase> <!-- phonebind -->
  <testcase name="rightaccount" time="31.588" classname="com.oribo.android365.testcase.Personcenter"/>
  <testcase name="rightaccountnext" time="21.639" classname="com.oribo.android365.testcase.Personcenter">
    <failure type="org.openqa.selenium.NoSuchElementException" message="An element could not be located on the page using the given search parameters. (WARNING: The server did not provide any stacktrace information)
Command duration or timeout: 20.51 seconds
For documentation on this error, please visit: http://seleniumhq.org/exceptions/no_such_element.html
Build info: version: &amp;apos;2.52.0&amp;apos;, revision: &amp;apos;4c2593c&amp;apos;, time: &amp;apos;2016-02-11 19:06:42&amp;apos;
System info: host: &amp;apos;test&amp;apos;, ip: &amp;apos;192.168.80.211&amp;apos;, os.name: &amp;apos;Windows 8.1&amp;apos;, os.arch: &amp;apos;amd64&amp;apos;, os.version: &amp;apos;6.3&amp;apos;, java.version: &amp;apos;1.8.0_31&amp;apos;
Driver info: io.appium.java_client.android.AndroidDriver
Capabilities [{appPackage=com.orvibo.homemate, noReset=true, deviceName=492c754e, platform=LINUX, deviceUDID=492c754e, desired={appPackage=com.orvibo.homemate, appActivity=com.orvibo.homemate.common.launch.LaunchActivity, noReset=true, platformVersion=6.0.1, browserName=, unicodeKeyboard=true, sessionOverride=true, platformName=Android, udid=492c754e, deviceName=Android Emulator, device=Selendroid, resetKeyboard=true}, platformVersion=6.0.1, webStorageEnabled=false, takesScreenshot=true, browserName=, javascriptEnabled=true, unicodeKeyboard=true, platformName=Android, udid=492c754e, deviceManufacturer=Xiaomi, resetKeyboard=true, deviceScreenSize=1080x1920, networkConnectionEnabled=true, warnings={}, databaseEnabled=false, appActivity=com.orvibo.homemate.common.launch.LaunchActivity, locationContextEnabled=false, deviceModel=MI NOTE LTE, sessionOverride=true, device=Selendroid}]
Session ID: 0958065e-eecb-42f2-a657-6308bdbfa01b
*** Element info: {Using=-android uiautomator, value=text(&amp;quot;我的&amp;quot;)}">
      <![CDATA[org.openqa.selenium.NoSuchElementException: An element could not be located on the page using the given search parameters. (WARNING: The server did not provide any stacktrace information)
Command duration or timeout: 20.51 seconds
For documentation on this error, please visit: http://seleniumhq.org/exceptions/no_such_element.html
Build info: version: '2.52.0', revision: '4c2593c', time: '2016-02-11 19:06:42'
System info: host: 'test', ip: '192.168.80.211', os.name: 'Windows 8.1', os.arch: 'amd64', os.version: '6.3', java.version: '1.8.0_31'
Driver info: io.appium.java_client.android.AndroidDriver
Capabilities [{appPackage=com.orvibo.homemate, noReset=true, deviceName=492c754e, platform=LINUX, deviceUDID=492c754e, desired={appPackage=com.orvibo.homemate, appActivity=com.orvibo.homemate.common.launch.LaunchActivity, noReset=true, platformVersion=6.0.1, browserName=, unicodeKeyboard=true, sessionOverride=true, platformName=Android, udid=492c754e, deviceName=Android Emulator, device=Selendroid, resetKeyboard=true}, platformVersion=6.0.1, webStorageEnabled=false, takesScreenshot=true, browserName=, javascriptEnabled=true, unicodeKeyboard=true, platformName=Android, udid=492c754e, deviceManufacturer=Xiaomi, resetKeyboard=true, deviceScreenSize=1080x1920, networkConnectionEnabled=true, warnings={}, databaseEnabled=false, appActivity=com.orvibo.homemate.common.launch.LaunchActivity, locationContextEnabled=false, deviceModel=MI NOTE LTE, sessionOverride=true, device=Selendroid}]
Session ID: 0958065e-eecb-42f2-a657-6308bdbfa01b
*** Element info: {Using=-android uiautomator, value=text("我的")}
	at org.openqa.selenium.remote.ErrorHandler.createThrowable(ErrorHandler.java:206)
	at org.openqa.selenium.remote.ErrorHandler.throwIfResponseFailed(ErrorHandler.java:158)
	at org.openqa.selenium.remote.RemoteWebDriver.execute(RemoteWebDriver.java:678)
	at io.appium.java_client.DefaultGenericMobileDriver.execute(DefaultGenericMobileDriver.java:42)
	at io.appium.java_client.AppiumDriver.execute(AppiumDriver.java:1)
	at io.appium.java_client.android.AndroidDriver.execute(AndroidDriver.java:1)
	at org.openqa.selenium.remote.RemoteWebDriver.findElement(RemoteWebDriver.java:363)
	at io.appium.java_client.android.AndroidDriver.findElementByAndroidUIAutomator(AndroidDriver.java:394)
	at com.oribo.common.TestcaseFrame.enterPersoninfo(TestcaseFrame.java:212)
	at com.oribo.android365.testcase.Personcenter.rightaccountnext(Personcenter.java:351)
... Removed 29 stack frames]]>
    </failure>
  </testcase> <!-- rightaccountnext -->
  <testcase name="setphotobyalbum" time="63.655" classname="com.oribo.android365.testcase.Personcenter"/>
  <testcase name="setphotobycamera" time="61.088" classname="com.oribo.android365.testcase.Personcenter"/>
  <testcase name="specialchar" time="23.297" classname="com.oribo.android365.testcase.Personcenter">
    <failure type="org.openqa.selenium.NoSuchElementException" message="An element could not be located on the page using the given search parameters. (WARNING: The server did not provide any stacktrace information)
Command duration or timeout: 20.07 seconds
For documentation on this error, please visit: http://seleniumhq.org/exceptions/no_such_element.html
Build info: version: &amp;apos;2.52.0&amp;apos;, revision: &amp;apos;4c2593c&amp;apos;, time: &amp;apos;2016-02-11 19:06:42&amp;apos;
System info: host: &amp;apos;test&amp;apos;, ip: &amp;apos;192.168.80.211&amp;apos;, os.name: &amp;apos;Windows 8.1&amp;apos;, os.arch: &amp;apos;amd64&amp;apos;, os.version: &amp;apos;6.3&amp;apos;, java.version: &amp;apos;1.8.0_31&amp;apos;
Driver info: io.appium.java_client.android.AndroidDriver
Capabilities [{appPackage=com.orvibo.homemate, noReset=true, deviceName=492c754e, platform=LINUX, deviceUDID=492c754e, desired={appPackage=com.orvibo.homemate, appActivity=com.orvibo.homemate.common.launch.LaunchActivity, noReset=true, platformVersion=6.0.1, browserName=, unicodeKeyboard=true, sessionOverride=true, platformName=Android, udid=492c754e, deviceName=Android Emulator, device=Selendroid, resetKeyboard=true}, platformVersion=6.0.1, webStorageEnabled=false, takesScreenshot=true, browserName=, javascriptEnabled=true, unicodeKeyboard=true, platformName=Android, udid=492c754e, deviceManufacturer=Xiaomi, resetKeyboard=true, deviceScreenSize=1080x1920, networkConnectionEnabled=true, warnings={}, databaseEnabled=false, appActivity=com.orvibo.homemate.common.launch.LaunchActivity, locationContextEnabled=false, deviceModel=MI NOTE LTE, sessionOverride=true, device=Selendroid}]
Session ID: 6b48939b-7b46-4d55-a171-9e0fee20dda8
*** Element info: {Using=id, value=com.orvibo.homemate:id/iv_personal_user_icon}">
      <![CDATA[org.openqa.selenium.NoSuchElementException: An element could not be located on the page using the given search parameters. (WARNING: The server did not provide any stacktrace information)
Command duration or timeout: 20.07 seconds
For documentation on this error, please visit: http://seleniumhq.org/exceptions/no_such_element.html
Build info: version: '2.52.0', revision: '4c2593c', time: '2016-02-11 19:06:42'
System info: host: 'test', ip: '192.168.80.211', os.name: 'Windows 8.1', os.arch: 'amd64', os.version: '6.3', java.version: '1.8.0_31'
Driver info: io.appium.java_client.android.AndroidDriver
Capabilities [{appPackage=com.orvibo.homemate, noReset=true, deviceName=492c754e, platform=LINUX, deviceUDID=492c754e, desired={appPackage=com.orvibo.homemate, appActivity=com.orvibo.homemate.common.launch.LaunchActivity, noReset=true, platformVersion=6.0.1, browserName=, unicodeKeyboard=true, sessionOverride=true, platformName=Android, udid=492c754e, deviceName=Android Emulator, device=Selendroid, resetKeyboard=true}, platformVersion=6.0.1, webStorageEnabled=false, takesScreenshot=true, browserName=, javascriptEnabled=true, unicodeKeyboard=true, platformName=Android, udid=492c754e, deviceManufacturer=Xiaomi, resetKeyboard=true, deviceScreenSize=1080x1920, networkConnectionEnabled=true, warnings={}, databaseEnabled=false, appActivity=com.orvibo.homemate.common.launch.LaunchActivity, locationContextEnabled=false, deviceModel=MI NOTE LTE, sessionOverride=true, device=Selendroid}]
Session ID: 6b48939b-7b46-4d55-a171-9e0fee20dda8
*** Element info: {Using=id, value=com.orvibo.homemate:id/iv_personal_user_icon}
	at org.openqa.selenium.remote.ErrorHandler.createThrowable(ErrorHandler.java:206)
	at org.openqa.selenium.remote.ErrorHandler.throwIfResponseFailed(ErrorHandler.java:158)
	at org.openqa.selenium.remote.RemoteWebDriver.execute(RemoteWebDriver.java:678)
	at io.appium.java_client.DefaultGenericMobileDriver.execute(DefaultGenericMobileDriver.java:42)
	at io.appium.java_client.AppiumDriver.execute(AppiumDriver.java:1)
	at io.appium.java_client.android.AndroidDriver.execute(AndroidDriver.java:1)
	at org.openqa.selenium.remote.RemoteWebDriver.findElement(RemoteWebDriver.java:363)
	at org.openqa.selenium.remote.RemoteWebDriver.findElementById(RemoteWebDriver.java:413)
	at io.appium.java_client.DefaultGenericMobileDriver.findElementById(DefaultGenericMobileDriver.java:62)
	at io.appium.java_client.AppiumDriver.findElementById(AppiumDriver.java:1)
	at io.appium.java_client.android.AndroidDriver.findElementById(AndroidDriver.java:1)
	at org.openqa.selenium.By$ById.findElement(By.java:218)
	at org.openqa.selenium.remote.RemoteWebDriver.findElement(RemoteWebDriver.java:355)
	at io.appium.java_client.DefaultGenericMobileDriver.findElement(DefaultGenericMobileDriver.java:52)
	at io.appium.java_client.AppiumDriver.findElement(AppiumDriver.java:1)
	at io.appium.java_client.android.AndroidDriver.findElement(AndroidDriver.java:1)
	at com.oribo.common.TestcaseFrame.enterPersoninfo(TestcaseFrame.java:213)
	at com.oribo.android365.testcase.Personcenter.specialchar(Personcenter.java:241)
... Removed 29 stack frames]]>
    </failure>
  </testcase> <!-- specialchar -->
  <testcase name="a_phoneregister" time="350.353" classname="com.oribo.android365.testcase.SignIn">
    <failure type="java.lang.AssertionError" message="60s内未收到验证码 expected [true] but found [false]">
      <![CDATA[java.lang.AssertionError: 60s内未收到验证码 expected [true] but found [false]
	at com.oribo.android365.testcase.SignIn.a_phoneregister(SignIn.java:117)
... Removed 28 stack frames]]>
    </failure>
  </testcase> <!-- a_phoneregister -->
  <testcase name="checkother" time="14.299" classname="com.oribo.android365.testcase.SignIn"/>
  <testcase name="weibologging" time="32.851" classname="com.oribo.android365.testcase.SignIn"/>
  <testcase name="b_logff" time="0.0" classname="com.oribo.android365.testcase.SignIn">
    <skipped/>
  </testcase> <!-- b_logff -->
  <testcase name="delectscene" time="0.0" classname="com.oribo.android365.testcase.HomeManage">
    <ignored/>
  </testcase> <!-- delectscene -->
  <testcase name="checkbind" time="0.0" classname="com.oribo.android365.testcase.Personcenter">
    <ignored/>
  </testcase> <!-- checkbind -->
  <testcase name="checkdefaultphoto" time="0.0" classname="com.oribo.android365.testcase.Personcenter">
    <ignored/>
  </testcase> <!-- checkdefaultphoto -->
  <testcase name="ClickMore" time="0.0" classname="com.oribo.android365.testcase.HomeManage">
    <ignored/>
  </testcase> <!-- ClickMore -->
  <testcase name="addscene" time="0.0" classname="com.oribo.android365.testcase.HomeManage">
    <ignored/>
  </testcase> <!-- addscene -->
  <testcase name="editscene" time="0.0" classname="com.oribo.android365.testcase.HomeManage">
    <ignored/>
  </testcase> <!-- editscene -->
  <testcase name="checkscene" time="0.0" classname="com.oribo.android365.testcase.HomeManage">
    <ignored/>
  </testcase> <!-- checkscene -->
  <testcase name="modifypassword" time="0.0" classname="com.oribo.android365.testcase.Personcenter">
    <ignored/>
  </testcase> <!-- modifypassword -->
  <testcase name="authorization" time="0.0" classname="com.oribo.android365.testcase.Personcenter">
    <ignored/>
  </testcase> <!-- authorization -->
</testsuite> <!-- init -->
