<?xml version="1.0" encoding="UTF-8"?>
<!-- Generated by org.testng.reporters.JUnitXMLReporter -->
<testsuite hostname="test" ignored="53" name="init" tests="1" failures="0" timestamp="14 三月 2017 09:02:19 GMT" time="60.863" errors="0">
  <testcase name="editlinkage" time="23.561" classname="com.oribo.android365.testcase.HomeManage"/>
  <testcase name="checkscene" time="0.0" classname="com.oribo.android365.testcase.HomeManage">
    <ignored/>
  </testcase> <!-- checkscene -->
  <testcase name="grephonenumber" time="0.0" classname="com.oribo.android365.testcase.Personcenter">
    <ignored/>
  </testcase> <!-- grephonenumber -->
  <testcase name="memberoffamily" time="0.0" classname="com.oribo.android365.testcase.HomeManage">
    <ignored/>
  </testcase> <!-- memberoffamily -->
  <testcase name="sort" time="0.0" classname="com.oribo.android365.testcase.HomeManage">
    <ignored/>
  </testcase> <!-- sort -->
  <testcase name="checkdefaultphoto" time="0.0" classname="com.oribo.android365.testcase.Personcenter">
    <ignored/>
  </testcase> <!-- checkdefaultphoto -->
  <testcase name="addfloor" time="0.0" classname="com.oribo.android365.testcase.HomeManage">
    <ignored/>
  </testcase> <!-- addfloor -->
  <testcase name="nickNull" time="0.0" classname="com.oribo.android365.testcase.Personcenter">
    <ignored/>
  </testcase> <!-- nickNull -->
  <testcase name="authorizationentrance" time="0.0" classname="com.oribo.android365.testcase.Personcenter">
    <ignored/>
  </testcase> <!-- authorizationentrance -->
  <testcase name="rightaccountnext" time="0.0" classname="com.oribo.android365.testcase.Personcenter">
    <ignored/>
  </testcase> <!-- rightaccountnext -->
  <testcase name="CheckDeleteHost" time="0.0" classname="com.oribo.android365.testcase.HomeManage">
    <ignored/>
  </testcase> <!-- CheckDeleteHost -->
  <testcase name="phonebind" time="0.0" classname="com.oribo.android365.testcase.Personcenter">
    <ignored/>
  </testcase> <!-- phonebind -->
  <testcase name="getAdvInfo" time="0.0" classname="com.oribo.android365.testcase.HomeManage">
    <ignored/>
  </testcase> <!-- getAdvInfo -->
  <testcase name="checkdefault" time="0.0" classname="com.oribo.android365.testcase.HomeManage">
    <ignored/>
  </testcase> <!-- checkdefault -->
  <testcase name="editscene" time="0.0" classname="com.oribo.android365.testcase.HomeManage">
    <ignored/>
  </testcase> <!-- editscene -->
  <testcase name="checklinkage" time="0.0" classname="com.oribo.android365.testcase.HomeManage">
    <ignored/>
  </testcase> <!-- checklinkage -->
  <testcase name="dragfloor" time="0.0" classname="com.oribo.android365.testcase.HomeManage">
    <ignored/>
  </testcase> <!-- dragfloor -->
  <testcase name="notphonenumber" time="0.0" classname="com.oribo.android365.testcase.Personcenter">
    <ignored/>
  </testcase> <!-- notphonenumber -->
  <testcase name="feedback" time="0.0" classname="com.oribo.android365.testcase.Personcenter">
    <ignored/>
  </testcase> <!-- feedback -->
  <testcase name="authorization" time="0.0" classname="com.oribo.android365.testcase.Personcenter">
    <ignored/>
  </testcase> <!-- authorization -->
  <testcase name="addlink" time="0.0" classname="com.oribo.android365.testcase.HomeManage">
    <ignored/>
  </testcase> <!-- addlink -->
  <testcase name="delectroom" time="0.0" classname="com.oribo.android365.testcase.HomeManage">
    <ignored/>
  </testcase> <!-- delectroom -->
  <testcase name="myhost" time="0.0" classname="com.oribo.android365.testcase.HomeManage">
    <ignored/>
  </testcase> <!-- myhost -->
  <testcase name="checkbind" time="0.0" classname="com.oribo.android365.testcase.Personcenter">
    <ignored/>
  </testcase> <!-- checkbind -->
  <testcase name="ClickMore" time="0.0" classname="com.oribo.android365.testcase.HomeManage">
    <ignored/>
  </testcase> <!-- ClickMore -->
  <testcase name="rightaccount" time="0.0" classname="com.oribo.android365.testcase.Personcenter">
    <ignored/>
  </testcase> <!-- rightaccount -->
  <testcase name="delectfloor" time="0.0" classname="com.oribo.android365.testcase.HomeManage">
    <ignored/>
  </testcase> <!-- delectfloor -->
  <testcase name="addhome" time="0.0" classname="com.oribo.android365.testcase.HomeManage">
    <ignored/>
  </testcase> <!-- addhome -->
  <testcase name="specialchar" time="0.0" classname="com.oribo.android365.testcase.Personcenter">
    <ignored/>
  </testcase> <!-- specialchar -->
  <testcase name="identifycode" time="0.0" classname="com.oribo.android365.testcase.Personcenter">
    <ignored/>
  </testcase> <!-- identifycode -->
  <testcase name="about" time="0.0" classname="com.oribo.android365.testcase.Personcenter">
    <ignored/>
  </testcase> <!-- about -->
  <testcase name="defaultroom" time="0.0" classname="com.oribo.android365.testcase.HomeManage">
    <ignored/>
  </testcase> <!-- defaultroom -->
  <testcase name="deletelink" time="0.0" classname="com.oribo.android365.testcase.HomeManage">
    <ignored/>
  </testcase> <!-- deletelink -->
  <testcase name="nickmaxchina" time="0.0" classname="com.oribo.android365.testcase.Personcenter">
    <ignored/>
  </testcase> <!-- nickmaxchina -->
  <testcase name="addscene" time="0.0" classname="com.oribo.android365.testcase.HomeManage">
    <ignored/>
  </testcase> <!-- addscene -->
  <testcase name="DeleteHost" time="0.0" classname="com.oribo.android365.testcase.HomeManage">
    <ignored/>
  </testcase> <!-- DeleteHost -->
  <testcase name="addroom" time="0.0" classname="com.oribo.android365.testcase.HomeManage">
    <ignored/>
  </testcase> <!-- addroom -->
  <testcase name="edithome" time="0.0" classname="com.oribo.android365.testcase.HomeManage">
    <ignored/>
  </testcase> <!-- edithome -->
  <testcase name="familydetails" time="0.0" classname="com.oribo.android365.testcase.HomeManage">
    <ignored/>
  </testcase> <!-- familydetails -->
  <testcase name="nickmodify" time="0.0" classname="com.oribo.android365.testcase.Personcenter">
    <ignored/>
  </testcase> <!-- nickmodify -->
  <testcase name="nickmaxeng" time="0.0" classname="com.oribo.android365.testcase.Personcenter">
    <ignored/>
  </testcase> <!-- nickmaxeng -->
  <testcase name="forgetpassword" time="0.0" classname="com.oribo.android365.testcase.Personcenter">
    <ignored/>
  </testcase> <!-- forgetpassword -->
  <testcase name="delectscene" time="0.0" classname="com.oribo.android365.testcase.HomeManage">
    <ignored/>
  </testcase> <!-- delectscene -->
  <testcase name="checkaccount" time="0.0" classname="com.oribo.android365.testcase.Personcenter">
    <ignored/>
  </testcase> <!-- checkaccount -->
  <testcase name="remindersettings" time="0.0" classname="com.oribo.android365.testcase.HomeManage">
    <ignored/>
  </testcase> <!-- remindersettings -->
  <testcase name="CancelDeleteHostNotice" time="0.0" classname="com.oribo.android365.testcase.HomeManage">
    <ignored/>
  </testcase> <!-- CancelDeleteHostNotice -->
  <testcase name="setphotobyalbum" time="0.0" classname="com.oribo.android365.testcase.Personcenter">
    <ignored/>
  </testcase> <!-- setphotobyalbum -->
  <testcase name="checkfamilynumber" time="0.0" classname="com.oribo.android365.testcase.HomeManage">
    <ignored/>
  </testcase> <!-- checkfamilynumber -->
  <testcase name="lesphonenumber" time="0.0" classname="com.oribo.android365.testcase.Personcenter">
    <ignored/>
  </testcase> <!-- lesphonenumber -->
  <testcase name="CheckMyHub" time="0.0" classname="com.oribo.android365.testcase.HomeManage">
    <ignored/>
  </testcase> <!-- CheckMyHub -->
  <testcase name="homemanage" time="0.0" classname="com.oribo.android365.testcase.Personcenter">
    <ignored/>
  </testcase> <!-- homemanage -->
  <testcase name="Unboundauthorization" time="0.0" classname="com.oribo.android365.testcase.Personcenter">
    <ignored/>
  </testcase> <!-- Unboundauthorization -->
  <testcase name="modifypassword" time="0.0" classname="com.oribo.android365.testcase.Personcenter">
    <ignored/>
  </testcase> <!-- modifypassword -->
  <testcase name="setphotobycamera" time="0.0" classname="com.oribo.android365.testcase.Personcenter">
    <ignored/>
  </testcase> <!-- setphotobycamera -->
</testsuite> <!-- init -->
