<?xml version="1.0" encoding="UTF-8"?>
<testng-results skipped="2" failed="16" ignored="1" total="51" passed="32">
  <reporter-output>
    <line>
      <![CDATA[2017-03-30 10:17:58 : [INFO] 设置屏幕休眠时间]]>
    </line>
    <line>
      <![CDATA[2017-03-30 10:18:18 : [INFO] groups:2]]>
    </line>
    <line>
      <![CDATA[2017-03-30 10:18:19 : [INFO] 有主机]]>
    </line>
    <line>
      <![CDATA[2017-03-30 10:18:23 : [STEP] [点击'我的'] ]]>
    </line>
    <line>
      <![CDATA[2017-03-30 10:18:23 : [INFO] [点击 -> -android uiautomator: text("我的")]]]>
    </line>
    <line>
      <![CDATA[2017-03-30 10:18:24 : [INFO] ******************************************************]]>
    </line>
    <line>
      <![CDATA[2017-03-30 10:18:49 : [INFO] groups:1]]>
    </line>
    <line>
      <![CDATA[2017-03-30 10:18:57 : [INFO] 当前家庭为:smjsn]]>
    </line>
    <line>
      <![CDATA[2017-03-30 10:18:57 : [INFO] 添加楼层前的楼层数为:5]]>
    </line>
    <line>
      <![CDATA[2017-03-30 10:18:58 : [STEP] [点击'我的'] ]]>
    </line>
    <line>
      <![CDATA[2017-03-30 10:18:58 : [INFO] [点击 -> -android uiautomator: text("我的")]]]>
    </line>
    <line>
      <![CDATA[2017-03-30 10:18:59 : [STEP] [点击'房间管理'] ]]>
    </line>
    <line>
      <![CDATA[2017-03-30 10:18:59 : [INFO] [点击 -> -android uiautomator: text("房间管理")]]]>
    </line>
    <line>
      <![CDATA[2017-03-30 10:19:31 : [STEP] [向上滑动查找添加按扭] ]]>
    </line>
    <line>
      <![CDATA[2017-03-30 10:19:33 : [STEP] [点击添加楼层的按扭] ]]>
    </line>
    <line>
      <![CDATA[2017-03-30 10:19:33 : [INFO] [点击 -> id: com.orvibo.homemate:id/add_floor_tv]]]>
    </line>
    <line>
      <![CDATA[2017-03-30 10:19:35 : [INFO] ******************************************************]]>
    </line>
    <line>
      <![CDATA[2017-03-30 10:20:00 : [INFO] groups:1]]>
    </line>
    <line>
      <![CDATA[2017-03-30 10:20:02 : [STEP] [点击'我的'] ]]>
    </line>
    <line>
      <![CDATA[2017-03-30 10:20:02 : [INFO] [点击 -> -android uiautomator: text("我的")]]]>
    </line>
    <line>
      <![CDATA[2017-03-30 10:20:03 : [STEP] [点击'我的'] ]]>
    </line>
    <line>
      <![CDATA[2017-03-30 10:20:03 : [INFO] [点击 -> -android uiautomator: text("家庭管理")]]]>
    </line>
    <line>
      <![CDATA[2017-03-30 10:20:35 : [STEP] [点击新建家庭按扭] ]]>
    </line>
    <line>
      <![CDATA[2017-03-30 10:20:35 : [INFO] [点击 -> id: com.orvibo.homemate:id/right_iv]]]>
    </line>
    <line>
      <![CDATA[2017-03-30 10:20:37 : [STEP] [输入5个字符] ]]>
    </line>
    <line>
      <![CDATA[2017-03-30 10:20:37 : [INFO] [输入字符 -> id: com.orvibo.homemate:id/familyName]]]>
    </line>
    <line>
      <![CDATA[2017-03-30 10:20:42 : [STEP] [确认输入] ]]>
    </line>
    <line>
      <![CDATA[2017-03-30 10:20:42 : [INFO] [输入后回车 -> id: com.orvibo.homemate:id/familyName]]]>
    </line>
    <line>
      <![CDATA[2017-03-30 10:20:46 : [INFO] 已截图,图片名称为:c.png]]>
    </line>
    <line>
      <![CDATA[2017-03-30 10:20:46 : [STEP] [点击“头像”] ]]>
    </line>
    <line>
      <![CDATA[2017-03-30 10:20:46 : [INFO] [点击 -> id: com.orvibo.homemate:id/familyIcon]]]>
    </line>
    <line>
      <![CDATA[2017-03-30 10:20:47 : [STEP] [点击选择框中的“拍照”按扭] ]]>
    </line>
    <line>
      <![CDATA[2017-03-30 10:20:47 : [INFO] [点击 -> -android uiautomator: text("拍照")]]]>
    </line>
    <line>
      <![CDATA[2017-03-30 10:20:49 : [STEP] [点击拍照按扭] ]]>
    </line>
    <line>
      <![CDATA[2017-03-30 10:20:49 : [INFO] [点击 -> id: com.android.camera:id/v6_shutter_button_internal]]]>
    </line>
    <line>
      <![CDATA[2017-03-30 10:20:52 : [STEP] [点击选择按扭] ]]>
    </line>
    <line>
      <![CDATA[2017-03-30 10:20:52 : [INFO] [点击 -> id: com.android.camera:id/v6_btn_done]]]>
    </line>
    <line>
      <![CDATA[2017-03-30 10:20:54 : [STEP] [裁剪界面点击确定] ]]>
    </line>
    <line>
      <![CDATA[2017-03-30 10:20:54 : [INFO] [点击 -> -android uiautomator: text("确定")]]]>
    </line>
    <line>
      <![CDATA[2017-03-30 10:21:01 : [INFO] 已截图,图片名称为:e.png]]>
    </line>
    <line>
      <![CDATA[2017-03-30 10:21:02 : [INFO] 对比图片:F:\测试automation\orvibo_appiumtest\Log\ScreenCap\c.png与图片:BufferedImage@253d9f73: type = 6 ColorModel: #pixelBits = 32 numComponents = 4 color space = java.awt.color.ICC_ColorSpace@142269f2 transparency = 3 has alpha = true isAlphaPre = false ByteInterleavedRaster: width = 1080 height = 1920 #numDataElements 4 dataOff[0] = 3的相似度]]>
    </line>
    <line>
      <![CDATA[2017-03-30 10:21:02 : [STEP] [点击创建家庭] ]]>
    </line>
    <line>
      <![CDATA[2017-03-30 10:21:02 : [INFO] [点击 -> id: com.orvibo.homemate:id/familyAddBtn]]]>
    </line>
    <line>
      <![CDATA[2017-03-30 10:21:06 : [INFO] ******************************************************]]>
    </line>
    <line>
      <![CDATA[2017-03-30 10:21:32 : [INFO] groups:1]]>
    </line>
    <line>
      <![CDATA[2017-03-30 10:21:36 : [STEP] [点击'场景'] ]]>
    </line>
    <line>
      <![CDATA[2017-03-30 10:21:36 : [INFO] [点击 -> -android uiautomator: text("场景")]]]>
    </line>
    <line>
      <![CDATA[2017-03-30 10:21:37 : [STEP] [切换到联动界面] ]]>
    </line>
    <line>
      <![CDATA[2017-03-30 10:21:37 : [INFO] [点击 -> -android uiautomator: text("联 动")]]]>
    </line>
    <line>
      <![CDATA[2017-03-30 10:21:38 : [STEP] [点击添加按扭] ]]>
    </line>
    <line>
      <![CDATA[2017-03-30 10:21:38 : [INFO] [点击 -> id: com.orvibo.homemate:id/add_iv]]]>
    </line>
    <line>
      <![CDATA[2017-03-30 10:21:40 : [STEP] [点击添加启动条件] ]]>
    </line>
    <line>
      <![CDATA[2017-03-30 10:21:40 : [INFO] [点击 -> id: com.orvibo.homemate:id/tv_condition_type]]]>
    </line>
    <line>
      <![CDATA[2017-03-30 10:22:12 : [INFO] ******************************************************]]>
    </line>
    <line>
      <![CDATA[2017-03-30 10:22:37 : [INFO] groups:1]]>
    </line>
    <line>
      <![CDATA[2017-03-30 10:22:40 : [STEP] [点击'场景'] ]]>
    </line>
    <line>
      <![CDATA[2017-03-30 10:22:40 : [INFO] [点击 -> -android uiautomator: text("场景")]]]>
    </line>
    <line>
      <![CDATA[2017-03-30 10:22:42 : [STEP] [切换到联动界面] ]]>
    </line>
    <line>
      <![CDATA[2017-03-30 10:22:42 : [INFO] [点击 -> -android uiautomator: text("联 动")]]]>
    </line>
    <line>
      <![CDATA[2017-03-30 10:22:43 : [STEP] [点击添加按扭] ]]>
    </line>
    <line>
      <![CDATA[2017-03-30 10:22:43 : [INFO] [点击 -> id: com.orvibo.homemate:id/add_iv]]]>
    </line>
    <line>
      <![CDATA[2017-03-30 10:22:45 : [STEP] [点击添加启动条件] ]]>
    </line>
    <line>
      <![CDATA[2017-03-30 10:22:45 : [INFO] [点击 -> id: com.orvibo.homemate:id/tv_condition_type]]]>
    </line>
    <line>
      <![CDATA[2017-03-30 10:23:16 : [INFO] ******************************************************]]>
    </line>
    <line>
      <![CDATA[2017-03-30 10:23:42 : [INFO] groups:1]]>
    </line>
    <line>
      <![CDATA[2017-03-30 10:23:45 : [STEP] [点击'场景'] ]]>
    </line>
    <line>
      <![CDATA[2017-03-30 10:23:45 : [INFO] [点击 -> -android uiautomator: text("场景")]]]>
    </line>
    <line>
      <![CDATA[2017-03-30 10:23:47 : [STEP] [切换到联动界面] ]]>
    </line>
    <line>
      <![CDATA[2017-03-30 10:23:47 : [INFO] [点击 -> -android uiautomator: text("联 动")]]]>
    </line>
    <line>
      <![CDATA[2017-03-30 10:23:48 : [STEP] [点击添加按扭] ]]>
    </line>
    <line>
      <![CDATA[2017-03-30 10:23:48 : [INFO] [点击 -> id: com.orvibo.homemate:id/add_iv]]]>
    </line>
    <line>
      <![CDATA[2017-03-30 10:23:50 : [STEP] [点击添加启动条件] ]]>
    </line>
    <line>
      <![CDATA[2017-03-30 10:23:50 : [INFO] [点击 -> id: com.orvibo.homemate:id/tv_condition_type]]]>
    </line>
    <line>
      <![CDATA[2017-03-30 10:24:44 : [INFO] 成功比列:100]]>
    </line>
    <line>
      <![CDATA[2017-03-30 10:24:45 : [INFO] ******************************************************]]>
    </line>
    <line>
      <![CDATA[2017-03-30 10:25:10 : [INFO] groups:2]]>
    </line>
    <line>
      <![CDATA[2017-03-30 10:25:14 : [STEP] [点击'我的'] ]]>
    </line>
    <line>
      <![CDATA[2017-03-30 10:25:14 : [INFO] [点击 -> -android uiautomator: text("我的")]]]>
    </line>
    <line>
      <![CDATA[2017-03-30 10:25:16 : [STEP] [点击'房间管理'] ]]>
    </line>
    <line>
      <![CDATA[2017-03-30 10:25:16 : [INFO] [点击 -> -android uiautomator: text("房间管理")]]]>
    </line>
    <line>
      <![CDATA[2017-03-30 10:25:17 : [STEP] [点击添加房间按扭] ]]>
    </line>
    <line>
      <![CDATA[2017-03-30 10:25:17 : [INFO] [点击 -> -android uiautomator: text("+添加房间")]]]>
    </line>
    <line>
      <![CDATA[2017-03-30 10:25:24 : [STEP] [点击保存按扭] ]]>
    </line>
    <line>
      <![CDATA[2017-03-30 10:25:24 : [INFO] [点击 -> id: com.orvibo.homemate:id/save_tv]]]>
    </line>
    <line>
      <![CDATA[2017-03-30 10:25:26 : [INFO] ******************************************************]]>
    </line>
    <line>
      <![CDATA[2017-03-30 10:25:51 : [INFO] groups:1]]>
    </line>
    <line>
      <![CDATA[2017-03-30 10:25:54 : [STEP] [点击'场景'] ]]>
    </line>
    <line>
      <![CDATA[2017-03-30 10:25:54 : [INFO] [点击 -> -android uiautomator: text("场景")]]]>
    </line>
    <line>
      <![CDATA[2017-03-30 10:25:55 : [STEP] [点击添加按扭] ]]>
    </line>
    <line>
      <![CDATA[2017-03-30 10:25:55 : [INFO] [点击 -> id: com.orvibo.homemate:id/add_iv]]]>
    </line>
    <line>
      <![CDATA[2017-03-30 10:25:56 : [INFO] 有多少个场景2]]>
    </line>
    <line>
      <![CDATA[2017-03-30 10:25:56 : [STEP] [点击添加情景按扭] ]]>
    </line>
    <line>
      <![CDATA[2017-03-30 10:25:56 : [INFO] [点击 -> -android uiautomator: text("添加情景")]]]>
    </line>
    <line>
      <![CDATA[2017-03-30 10:25:58 : [STEP] [点击情景图标] ]]>
    </line>
    <line>
      <![CDATA[2017-03-30 10:25:58 : [INFO] [点击 -> id: com.orvibo.homemate:id/iv_scene_icon]]]>
    </line>
    <line>
      <![CDATA[2017-03-30 10:26:00 : [STEP] [随机点击任意一个图标] ]]>
    </line>
    <line>
      <![CDATA[2017-03-30 10:26:00 : [INFO] [点击 -> id: com.orvibo.homemate:id/iv_scene_icon]]]>
    </line>
    <line>
      <![CDATA[2017-03-30 10:26:04 : [STEP] [点击添加执行任务] ]]>
    </line>
    <line>
      <![CDATA[2017-03-30 10:26:04 : [INFO] [点击 -> id: com.orvibo.homemate:id/addBindTextView]]]>
    </line>
    <line>
      <![CDATA[2017-03-30 10:26:06 : [INFO] 当前页设备数:1]]>
    </line>
    <line>
      <![CDATA[2017-03-30 10:26:06 : [INFO] S30智能插座在线]]>
    </line>
    <line>
      <![CDATA[2017-03-30 10:26:06 : [STEP] [选中任意一个在线设备] ]]>
    </line>
    <line>
      <![CDATA[2017-03-30 10:26:06 : [INFO] [点击 -> id: com.orvibo.homemate:id/tvDeviceName]]]>
    </line>
    <line>
      <![CDATA[2017-03-30 10:26:08 : [INFO] 选中的设备名称为:S30智能插座]]>
    </line>
    <line>
      <![CDATA[2017-03-30 10:26:08 : [STEP] [点击返回] ]]>
    </line>
    <line>
      <![CDATA[2017-03-30 10:26:08 : [INFO] [点击 -> id: com.orvibo.homemate:id/back_iv]]]>
    </line>
    <line>
      <![CDATA[2017-03-30 10:26:09 : [STEP] [点击“立即”] ]]>
    </line>
    <line>
      <![CDATA[2017-03-30 10:26:09 : [INFO] [点击 -> id: com.orvibo.homemate:id/tvTime]]]>
    </line>
    <line>
      <![CDATA[2017-03-30 10:26:11 : [STEP] [点击取消] ]]>
    </line>
    <line>
      <![CDATA[2017-03-30 10:26:11 : [INFO] [点击 -> id: com.orvibo.homemate:id/left_iv]]]>
    </line>
    <line>
      <![CDATA[2017-03-30 10:26:15 : [STEP] [点击关闭] ]]>
    </line>
    <line>
      <![CDATA[2017-03-30 10:26:15 : [INFO] [点击 -> id: com.orvibo.homemate:id/tv_action]]]>
    </line>
    <line>
      <![CDATA[2017-03-30 10:26:16 : [STEP] [点击返回] ]]>
    </line>
    <line>
      <![CDATA[2017-03-30 10:26:16 : [INFO] [点击 -> id: com.orvibo.homemate:id/left_iv]]]>
    </line>
    <line>
      <![CDATA[2017-03-30 10:26:21 : [STEP] [点击保存] ]]>
    </line>
    <line>
      <![CDATA[2017-03-30 10:26:21 : [INFO] [点击 -> id: com.orvibo.homemate:id/right_tv]]]>
    </line>
    <line>
      <![CDATA[2017-03-30 10:26:22 : [INFO] ******************************************************]]>
    </line>
    <line>
      <![CDATA[2017-03-30 10:26:47 : [INFO] groups:1]]>
    </line>
    <line>
      <![CDATA[2017-03-30 10:26:50 : [STEP] [点击'场景'] ]]>
    </line>
    <line>
      <![CDATA[2017-03-30 10:26:50 : [INFO] [点击 -> -android uiautomator: text("场景")]]]>
    </line>
    <line>
      <![CDATA[2017-03-30 10:26:51 : [INFO] 当前家庭为:smjsn]]>
    </line>
    <line>
      <![CDATA[2017-03-30 10:26:51 : [INFO] 当前情景数为:3]]>
    </line>
    <line>
      <![CDATA[2017-03-30 10:27:22 : [STEP] [滑动查找场景] ]]>
    </line>
    <line>
      <![CDATA[2017-03-30 10:27:53 : [STEP] [滑动查找场景] ]]>
    </line>
    <line>
      <![CDATA[2017-03-30 10:28:24 : [STEP] [滑动查找场景] ]]>
    </line>
    <line>
      <![CDATA[2017-03-30 10:28:51 : [INFO] 成功比列:100]]>
    </line>
    <line>
      <![CDATA[2017-03-30 10:28:51 : [INFO] ******************************************************]]>
    </line>
    <line>
      <![CDATA[2017-03-30 10:29:16 : [INFO] groups:1]]>
    </line>
    <line>
      <![CDATA[2017-03-30 10:29:19 : [STEP] [点击'我的'] ]]>
    </line>
    <line>
      <![CDATA[2017-03-30 10:29:19 : [INFO] [点击 -> -android uiautomator: text("我的")]]]>
    </line>
    <line>
      <![CDATA[2017-03-30 10:29:20 : [STEP] [点击'房间管理'] ]]>
    </line>
    <line>
      <![CDATA[2017-03-30 10:29:20 : [INFO] [点击 -> -android uiautomator: text("房间管理")]]]>
    </line>
    <line>
      <![CDATA[2017-03-30 10:29:22 : [STEP] [点击默认房间] ]]>
    </line>
    <line>
      <![CDATA[2017-03-30 10:29:22 : [INFO] [点击 -> -android uiautomator: text("默认房间")]]]>
    </line>
    <line>
      <![CDATA[2017-03-30 10:29:23 : [STEP] [点击默认的房间图片] ]]>
    </line>
    <line>
      <![CDATA[2017-03-30 10:29:23 : [INFO] [点击 -> id: com.orvibo.homemate:id/room_img_iv]]]>
    </line>
    <line>
      <![CDATA[2017-03-30 10:29:25 : [STEP] [点击默认图库] ]]>
    </line>
    <line>
      <![CDATA[2017-03-30 10:29:25 : [INFO] [点击 -> id: com.orvibo.homemate:id/menu_item_text]]]>
    </line>
    <line>
      <![CDATA[2017-03-30 10:29:26 : [STEP] [默认图库中选择一张图片] ]]>
    </line>
    <line>
      <![CDATA[2017-03-30 10:29:26 : [INFO] [点击 -> class name: android.widget.ImageView]]]>
    </line>
    <line>
      <![CDATA[2017-03-30 10:29:33 : [INFO] 已截图,图片名称为:b0u.png]]>
    </line>
    <line>
      <![CDATA[2017-03-30 10:29:34 : [INFO] 对比图片:F:\测试automation\orvibo_appiumtest\Log\ScreenCap\b0u.png与图片:BufferedImage@663411de: type = 5 ColorModel: #pixelBits = 24 numComponents = 3 color space = java.awt.color.ICC_ColorSpace@142269f2 transparency = 1 has alpha = false isAlphaPre = false ByteInterleavedRaster: width = 1080 height = 1920 #numDataElements 3 dataOff[0] = 2的相似度]]>
    </line>
    <line>
      <![CDATA[2017-03-30 10:29:34 : [STEP] [点击左上方的返回键] ]]>
    </line>
    <line>
      <![CDATA[2017-03-30 10:29:34 : [INFO] [点击 -> id: com.orvibo.homemate:id/left_iv]]]>
    </line>
    <line>
      <![CDATA[2017-03-30 10:29:35 : [STEP] [点击默认房间] ]]>
    </line>
    <line>
      <![CDATA[2017-03-30 10:29:35 : [INFO] [点击 -> id: com.orvibo.homemate:id/tag_tv]]]>
    </line>
    <line>
      <![CDATA[2017-03-30 10:29:37 : [STEP] [点击默认的房间图片] ]]>
    </line>
    <line>
      <![CDATA[2017-03-30 10:29:37 : [INFO] [点击 -> id: com.orvibo.homemate:id/room_img_iv]]]>
    </line>
    <line>
      <![CDATA[2017-03-30 10:29:38 : [STEP] [点击选择框中的“拍照”按扭] ]]>
    </line>
    <line>
      <![CDATA[2017-03-30 10:29:38 : [INFO] [点击 -> id: com.orvibo.homemate:id/menu_item_text]]]>
    </line>
    <line>
      <![CDATA[2017-03-30 10:29:40 : [STEP] [点击返回] ]]>
    </line>
    <line>
      <![CDATA[2017-03-30 10:29:42 : [STEP] [点击默认的房间图片] ]]>
    </line>
    <line>
      <![CDATA[2017-03-30 10:29:42 : [INFO] [点击 -> id: com.orvibo.homemate:id/room_img_iv]]]>
    </line>
    <line>
      <![CDATA[2017-03-30 10:29:43 : [STEP] [点击选择框中的“从相册中选择”按扭] ]]>
    </line>
    <line>
      <![CDATA[2017-03-30 10:29:43 : [INFO] [点击 -> id: com.orvibo.homemate:id/menu_item_text]]]>
    </line>
    <line>
      <![CDATA[2017-03-30 10:29:44 : [STEP] [返回到编辑房间界面] ]]>
    </line>
    <line>
      <![CDATA[2017-03-30 10:29:46 : [STEP] [房间编辑界面点击保存] ]]>
    </line>
    <line>
      <![CDATA[2017-03-30 10:29:46 : [INFO] [点击 -> id: com.orvibo.homemate:id/save_tv]]]>
    </line>
    <line>
      <![CDATA[2017-03-30 10:29:48 : [INFO] ******************************************************]]>
    </line>
    <line>
      <![CDATA[2017-03-30 10:30:14 : [INFO] groups:1]]>
    </line>
    <line>
      <![CDATA[2017-03-30 10:30:17 : [INFO] 当前家庭为:smjsn]]>
    </line>
    <line>
      <![CDATA[2017-03-30 10:30:18 : [STEP] [点击'我的'] ]]>
    </line>
    <line>
      <![CDATA[2017-03-30 10:30:18 : [INFO] [点击 -> -android uiautomator: text("我的")]]]>
    </line>
    <line>
      <![CDATA[2017-03-30 10:30:20 : [STEP] [点击'房间管理'] ]]>
    </line>
    <line>
      <![CDATA[2017-03-30 10:30:20 : [INFO] [点击 -> -android uiautomator: text("房间管理")]]]>
    </line>
    <line>
      <![CDATA[2017-03-30 10:30:22 : [STEP] [删除第01个楼层] ]]>
    </line>
    <line>
      <![CDATA[2017-03-30 10:30:22 : [INFO] [点击 -> id: com.orvibo.homemate:id/delete_tv]]]>
    </line>
    <line>
      <![CDATA[2017-03-30 10:30:23 : [STEP] [提示框中点击确认删除] ]]>
    </line>
    <line>
      <![CDATA[2017-03-30 10:30:23 : [INFO] [点击 -> id: com.orvibo.homemate:id/rightTextView]]]>
    </line>
    <line>
      <![CDATA[2017-03-30 10:30:39 : [INFO] 该房间没有楼层]]>
    </line>
    <line>
      <![CDATA[2017-03-30 10:30:39 : [INFO] ******************************************************]]>
    </line>
    <line>
      <![CDATA[2017-03-30 10:31:04 : [INFO] groups:2]]>
    </line>
    <line>
      <![CDATA[2017-03-30 10:31:07 : [INFO] 当前联动数为0,无法做编辑或删除情景的操作]]>
    </line>
    <line>
      <![CDATA[2017-03-30 10:31:07 : [INFO] ******************************************************]]>
    </line>
    <line>
      <![CDATA[2017-03-30 10:31:33 : [INFO] groups:1]]>
    </line>
    <line>
      <![CDATA[2017-03-30 10:31:35 : [STEP] [点击'我的'] ]]>
    </line>
    <line>
      <![CDATA[2017-03-30 10:31:35 : [INFO] [点击 -> -android uiautomator: text("我的")]]]>
    </line>
    <line>
      <![CDATA[2017-03-30 10:31:37 : [STEP] [点击'我的'] ]]>
    </line>
    <line>
      <![CDATA[2017-03-30 10:31:37 : [INFO] [点击 -> -android uiautomator: text("家庭管理")]]]>
    </line>
    <line>
      <![CDATA[2017-03-30 10:31:38 : [STEP] [点击进入默认家庭] ]]>
    </line>
    <line>
      <![CDATA[2017-03-30 10:31:38 : [INFO] [点击 -> id: com.orvibo.homemate:id/familyName]]]>
    </line>
    <line>
      <![CDATA[2017-03-30 10:31:40 : [STEP] [点击家庭名称w] ]]>
    </line>
    <line>
      <![CDATA[2017-03-30 10:31:40 : [INFO] [点击 -> -android uiautomator: text("家庭名称")]]]>
    </line>
    <line>
      <![CDATA[2017-03-30 10:31:41 : [STEP] [重新输入家庭名称] ]]>
    </line>
    <line>
      <![CDATA[2017-03-30 10:31:41 : [INFO] [输入字符 -> id: com.orvibo.homemate:id/input_family_nickname_edit]]]>
    </line>
    <line>
      <![CDATA[2017-03-30 10:31:47 : [STEP] [点击保存按扭] ]]>
    </line>
    <line>
      <![CDATA[2017-03-30 10:31:47 : [INFO] [点击 -> -android uiautomator: text("保存")]]]>
    </line>
    <line>
      <![CDATA[2017-03-30 10:31:51 : [INFO] ******************************************************]]>
    </line>
    <line>
      <![CDATA[2017-03-30 10:32:18 : [INFO] groups:2]]>
    </line>
    <line>
      <![CDATA[2017-03-30 10:32:20 : [INFO] 当前联动数为0,无法做编辑或删除情景的操作]]>
    </line>
    <line>
      <![CDATA[2017-03-30 10:32:20 : [INFO] ******************************************************]]>
    </line>
    <line>
      <![CDATA[2017-03-30 10:32:46 : [INFO] groups:2]]>
    </line>
    <line>
      <![CDATA[2017-03-30 10:32:49 : [INFO] ******************************************************]]>
    </line>
    <line>
      <![CDATA[2017-03-30 10:33:17 : [INFO] groups:1]]>
    </line>
    <line>
      <![CDATA[2017-03-30 10:33:19 : [STEP] [点击'我的'] ]]>
    </line>
    <line>
      <![CDATA[2017-03-30 10:33:19 : [INFO] [点击 -> -android uiautomator: text("我的")]]]>
    </line>
    <line>
      <![CDATA[2017-03-30 10:33:21 : [STEP] [点击'我的'] ]]>
    </line>
    <line>
      <![CDATA[2017-03-30 10:33:21 : [INFO] [点击 -> -android uiautomator: text("家庭管理")]]]>
    </line>
    <line>
      <![CDATA[2017-03-30 10:33:22 : [INFO] 第1个家庭,家庭名称为:ojrtx]]>
    </line>
    <line>
      <![CDATA[2017-03-30 10:33:22 : [STEP] [点击第1个家庭] ]]>
    </line>
    <line>
      <![CDATA[2017-03-30 10:33:22 : [INFO] [点击 -> -android uiautomator: text("ojrtx")]]]>
    </line>
    <line>
      <![CDATA[2017-03-30 10:33:24 : [INFO] ojrtx为默认家庭]]>
    </line>
    <line>
      <![CDATA[2017-03-30 10:33:24 : [STEP] [返回到家庭管理界面] ]]>
    </line>
    <line>
      <![CDATA[2017-03-30 10:33:25 : [INFO] 第2个家庭,家庭名称为:2fa1b]]>
    </line>
    <line>
      <![CDATA[2017-03-30 10:33:25 : [STEP] [点击第2个家庭] ]]>
    </line>
    <line>
      <![CDATA[2017-03-30 10:33:25 : [INFO] [点击 -> -android uiautomator: text("2fa1b")]]]>
    </line>
    <line>
      <![CDATA[2017-03-30 10:33:26 : [INFO] 2fa1b为管理员家庭]]>
    </line>
    <line>
      <![CDATA[2017-03-30 10:34:20 : [INFO] 成功比列:100]]>
    </line>
    <line>
      <![CDATA[2017-03-30 10:34:20 : [INFO] ******************************************************]]>
    </line>
    <line>
      <![CDATA[2017-03-30 10:34:47 : [INFO] groups:1]]>
    </line>
    <line>
      <![CDATA[2017-03-30 10:34:49 : [STEP] [点击'我的'] ]]>
    </line>
    <line>
      <![CDATA[2017-03-30 10:34:49 : [INFO] [点击 -> -android uiautomator: text("我的")]]]>
    </line>
    <line>
      <![CDATA[2017-03-30 10:34:51 : [STEP] [点击'我的'] ]]>
    </line>
    <line>
      <![CDATA[2017-03-30 10:34:51 : [INFO] [点击 -> -android uiautomator: text("家庭管理")]]]>
    </line>
    <line>
      <![CDATA[2017-03-30 10:35:00 : [INFO] 当前家庭有24406个成员]]>
    </line>
    <line>
      <![CDATA[2017-03-30 10:35:54 : [INFO] 成功比列:100]]>
    </line>
    <line>
      <![CDATA[2017-03-30 10:35:54 : [INFO] ******************************************************]]>
    </line>
    <line>
      <![CDATA[2017-03-30 10:36:21 : [INFO] groups:0]]>
    </line>
    <line>
      <![CDATA[2017-03-30 10:36:23 : [STEP] [点击'我的'] ]]>
    </line>
    <line>
      <![CDATA[2017-03-30 10:36:23 : [INFO] [点击 -> -android uiautomator: text("我的")]]]>
    </line>
    <line>
      <![CDATA[2017-03-30 10:36:25 : [STEP] [点击'我的'] ]]>
    </line>
    <line>
      <![CDATA[2017-03-30 10:36:25 : [INFO] [点击 -> -android uiautomator: text("家庭管理")]]]>
    </line>
    <line>
      <![CDATA[2017-03-30 10:36:49 : [INFO] 成功比列:100]]>
    </line>
    <line>
      <![CDATA[2017-03-30 10:36:49 : [INFO] ******************************************************]]>
    </line>
    <line>
      <![CDATA[2017-03-30 10:37:16 : [INFO] groups:1]]>
    </line>
    <line>
      <![CDATA[2017-03-30 10:38:11 : [INFO] 成功比列:100]]>
    </line>
    <line>
      <![CDATA[2017-03-30 10:38:11 : [INFO] ******************************************************]]>
    </line>
    <line>
      <![CDATA[2017-03-30 10:38:37 : [INFO] groups:0]]>
    </line>
    <line>
      <![CDATA[2017-03-30 10:38:40 : [STEP] [点击'我的'] ]]>
    </line>
    <line>
      <![CDATA[2017-03-30 10:38:40 : [INFO] [点击 -> -android uiautomator: text("我的")]]]>
    </line>
    <line>
      <![CDATA[2017-03-30 10:38:41 : [STEP] [点击'我的'] ]]>
    </line>
    <line>
      <![CDATA[2017-03-30 10:38:41 : [INFO] [点击 -> -android uiautomator: text("家庭管理")]]]>
    </line>
    <line>
      <![CDATA[2017-03-30 10:38:43 : [INFO] ******************************************************]]>
    </line>
    <line>
      <![CDATA[2017-03-30 10:39:10 : [INFO] groups:2]]>
    </line>
    <line>
      <![CDATA[2017-03-30 10:39:10 : [INFO]  select f.familyName from family as f where familyId in(select fu.familyId from account2 as a,familyUsers as fu where fu.userId=a.userId and a.email='15079034630@126.com' and fu.delFlag=0)]]>
    </line>
    <line>
      <![CDATA[2017-03-30 10:39:13 : [STEP] [点击'我的'] ]]>
    </line>
    <line>
      <![CDATA[2017-03-30 10:39:13 : [INFO] [点击 -> -android uiautomator: text("我的")]]]>
    </line>
    <line>
      <![CDATA[2017-03-30 10:39:14 : [STEP] [点击'我的'] ]]>
    </line>
    <line>
      <![CDATA[2017-03-30 10:39:14 : [INFO] [点击 -> -android uiautomator: text("家庭管理")]]]>
    </line>
    <line>
      <![CDATA[2017-03-30 10:39:39 : [INFO] 成功比列:100]]>
    </line>
    <line>
      <![CDATA[2017-03-30 10:39:39 : [INFO] ******************************************************]]>
    </line>
    <line>
      <![CDATA[2017-03-30 10:40:05 : [INFO] groups:2]]>
    </line>
    <line>
      <![CDATA[2017-03-30 10:40:08 : [STEP] [点击'场景'] ]]>
    </line>
    <line>
      <![CDATA[2017-03-30 10:40:08 : [INFO] [点击 -> -android uiautomator: text("场景")]]]>
    </line>
    <line>
      <![CDATA[2017-03-30 10:40:09 : [STEP] [点击联动] ]]>
    </line>
    <line>
      <![CDATA[2017-03-30 10:40:09 : [INFO] [点击 -> -android uiautomator: text("联 动")]]]>
    </line>
    <line>
      <![CDATA[2017-03-30 10:40:11 : [INFO] 当前联动数为:0]]>
    </line>
    <line>
      <![CDATA[2017-03-30 10:40:11 : [INFO] ******************************************************]]>
    </line>
    <line>
      <![CDATA[2017-03-30 10:40:40 : [INFO] groups:2]]>
    </line>
    <line>
      <![CDATA[2017-03-30 10:40:44 : [STEP] [点击'我的'] ]]>
    </line>
    <line>
      <![CDATA[2017-03-30 10:40:44 : [INFO] [点击 -> -android uiautomator: text("我的")]]]>
    </line>
    <line>
      <![CDATA[2017-03-30 10:40:45 : [STEP] [点击'房间管理'] ]]>
    </line>
    <line>
      <![CDATA[2017-03-30 10:40:45 : [INFO] [点击 -> -android uiautomator: text("房间管理")]]]>
    </line>
    <line>
      <![CDATA[2017-03-30 10:40:47 : [INFO] select  count(*) from account2,floor,family,room where account2.userId=floor.userId and account2.email='15079034630@126.com' and floor.delFlag=0 and family.familyId=floor.familyId and room.floorId=floor.floorId and room.delFlag=0 and family.familyName='ojrtx']]>
    </line>
    <line>
      <![CDATA[2017-03-30 10:40:47 : [INFO] 房间数为0]]>
    </line>
    <line>
      <![CDATA[2017-03-30 10:40:47 : [STEP] [点击添加房间按扭] ]]>
    </line>
    <line>
      <![CDATA[2017-03-30 10:40:47 : [INFO] [点击 -> -android uiautomator: text("+添加房间")]]]>
    </line>
    <line>
      <![CDATA[2017-03-30 10:40:54 : [STEP] [点击保存按扭] ]]>
    </line>
    <line>
      <![CDATA[2017-03-30 10:40:54 : [INFO] [点击 -> id: com.orvibo.homemate:id/save_tv]]]>
    </line>
    <line>
      <![CDATA[2017-03-30 10:40:55 : [INFO] select  count(*) from account2,floor,family,room where account2.userId=floor.userId and account2.email='15079034630@126.com' and floor.delFlag=0 and family.familyId=floor.familyId and room.floorId=floor.floorId and room.delFlag=0 and family.familyName='ojrtx']]>
    </line>
    <line>
      <![CDATA[2017-03-30 10:40:56 : [STEP] [删除一个房间] ]]>
    </line>
    <line>
      <![CDATA[2017-03-30 10:40:56 : [INFO] [点击 -> id: com.orvibo.homemate:id/delete_iv]]]>
    </line>
    <line>
      <![CDATA[2017-03-30 10:40:59 : [INFO] select  count(*) from account2,floor,family,room where account2.userId=floor.userId and account2.email='15079034630@126.com' and floor.delFlag=0 and family.familyId=floor.familyId and room.floorId=floor.floorId and room.delFlag=0 and family.familyName='ojrtx']]>
    </line>
    <line>
      <![CDATA[2017-03-30 10:40:59 : [INFO] 删除后的房间数为:0]]>
    </line>
    <line>
      <![CDATA[2017-03-30 10:40:59 : [INFO] ******************************************************]]>
    </line>
    <line>
      <![CDATA[2017-03-30 10:41:25 : [INFO] groups:1]]>
    </line>
    <line>
      <![CDATA[2017-03-30 10:41:28 : [STEP] [点击'场景'] ]]>
    </line>
    <line>
      <![CDATA[2017-03-30 10:41:28 : [INFO] [点击 -> -android uiautomator: text("场景")]]]>
    </line>
    <line>
      <![CDATA[2017-03-30 10:41:29 : [STEP] [点击添加按扭] ]]>
    </line>
    <line>
      <![CDATA[2017-03-30 10:41:29 : [INFO] [点击 -> id: com.orvibo.homemate:id/add_iv]]]>
    </line>
    <line>
      <![CDATA[2017-03-30 10:41:30 : [STEP] [点击编辑情景] ]]>
    </line>
    <line>
      <![CDATA[2017-03-30 10:41:30 : [INFO] [点击 -> -android uiautomator: text("编辑情景")]]]>
    </line>
    <line>
      <![CDATA[2017-03-30 10:41:57 : [INFO] 成功比列:100]]>
    </line>
    <line>
      <![CDATA[2017-03-30 10:41:57 : [INFO] ******************************************************]]>
    </line>
    <line>
      <![CDATA[2017-03-30 10:42:23 : [INFO] groups:1]]>
    </line>
    <line>
      <![CDATA[2017-03-30 10:42:25 : [INFO] 当前家庭为:ojrtx]]>
    </line>
    <line>
      <![CDATA[2017-03-30 10:42:26 : [STEP] [点击'我的'] ]]>
    </line>
    <line>
      <![CDATA[2017-03-30 10:42:26 : [INFO] [点击 -> -android uiautomator: text("我的")]]]>
    </line>
    <line>
      <![CDATA[2017-03-30 10:42:28 : [STEP] [点击'房间管理'] ]]>
    </line>
    <line>
      <![CDATA[2017-03-30 10:42:28 : [INFO] [点击 -> -android uiautomator: text("房间管理")]]]>
    </line>
    <line>
      <![CDATA[2017-03-30 10:42:30 : [INFO] 操作后前端楼层数为：3]]>
    </line>
    <line>
      <![CDATA[2017-03-30 10:42:35 : [INFO] 托动前第1层楼层为]]>
    </line>
    <line>
      <![CDATA[2017-03-30 10:42:35 : [INFO] 托动后第1层楼层为四楼]]>
    </line>
    <line>
      <![CDATA[2017-03-30 10:42:35 : [INFO] ******************************************************]]>
    </line>
    <line>
      <![CDATA[2017-03-30 10:43:02 : [INFO] groups:1]]>
    </line>
    <line>
      <![CDATA[2017-03-30 10:43:04 : [STEP] [点击'我的'] ]]>
    </line>
    <line>
      <![CDATA[2017-03-30 10:43:04 : [INFO] [点击 -> -android uiautomator: text("我的")]]]>
    </line>
    <line>
      <![CDATA[2017-03-30 10:43:06 : [INFO] 接口访问URL为：  https://homemate.orvibo.com/getAdvInfo?imageSize=101&userId=91a31ba24648493aad89636922662c04]]>
    </line>
    <line>
      <![CDATA[2017-03-30 10:43:06 : [INFO] 服务器返回数据显示该用户不是广告投放目标]]>
    </line>
    <line>
      <![CDATA[2017-03-30 10:43:07 : [INFO] ******************************************************]]>
    </line>
    <line>
      <![CDATA[2017-03-30 10:43:33 : [INFO] groups:1]]>
    </line>
    <line>
      <![CDATA[2017-03-30 10:43:34 : [STEP] [点击我的] ]]>
    </line>
    <line>
      <![CDATA[2017-03-30 10:43:34 : [INFO] [点击 -> -android uiautomator: text("我的")]]]>
    </line>
    <line>
      <![CDATA[2017-03-30 10:43:36 : [STEP] [点击提醒 设置] ]]>
    </line>
    <line>
      <![CDATA[2017-03-30 10:43:36 : [INFO] [点击 -> -android uiautomator: text("提醒设置")]]]>
    </line>
    <line>
      <![CDATA[2017-03-30 10:43:38 : [INFO] WIFI设备数为:1]]>
    </line>
    <line>
      <![CDATA[2017-03-30 10:43:38 : [STEP] [进入定时执行提醒界面] ]]>
    </line>
    <line>
      <![CDATA[2017-03-30 10:43:38 : [INFO] [点击 -> -android uiautomator: text("定时执行提醒")]]]>
    </line>
    <line>
      <![CDATA[2017-03-30 10:43:39 : [STEP] [返回到提醒设置界面] ]]>
    </line>
    <line>
      <![CDATA[2017-03-30 10:43:39 : [INFO] [点击 -> id: com.orvibo.homemate:id/left_iv]]]>
    </line>
    <line>
      <![CDATA[2017-03-30 10:43:44 : [INFO] 灯设备数为:0]]>
    </line>
    <line>
      <![CDATA[2017-03-30 10:44:07 : [INFO] 成功比列:100]]>
    </line>
    <line>
      <![CDATA[2017-03-30 10:44:07 : [INFO] ******************************************************]]>
    </line>
    <line>
      <![CDATA[2017-03-30 10:44:34 : [INFO] groups:1]]>
    </line>
    <line>
      <![CDATA[2017-03-30 10:44:37 : [STEP] [点击'我的'] ]]>
    </line>
    <line>
      <![CDATA[2017-03-30 10:44:37 : [INFO] [点击 -> -android uiautomator: text("我的")]]]>
    </line>
    <line>
      <![CDATA[2017-03-30 10:44:38 : [STEP] [点击'我的主机'] ]]>
    </line>
    <line>
      <![CDATA[2017-03-30 10:44:38 : [INFO] [点击 -> -android uiautomator: text("我的主机")]]]>
    </line>
    <line>
      <![CDATA[2017-03-30 10:45:33 : [INFO] 成功比列:100]]>
    </line>
    <line>
      <![CDATA[2017-03-30 10:45:33 : [INFO] ******************************************************]]>
    </line>
    <line>
      <![CDATA[2017-03-30 10:45:59 : [INFO] groups:3]]>
    </line>
    <line>
      <![CDATA[2017-03-30 10:46:02 : [STEP] [点击'我的'] ]]>
    </line>
    <line>
      <![CDATA[2017-03-30 10:46:02 : [INFO] [点击 -> -android uiautomator: text("我的")]]]>
    </line>
    <line>
      <![CDATA[2017-03-30 10:46:03 : [STEP] [点击个人信息头像] ]]>
    </line>
    <line>
      <![CDATA[2017-03-30 10:46:03 : [INFO] [点击 -> id: com.orvibo.homemate:id/iv_personal_user_icon]]]>
    </line>
    <line>
      <![CDATA[2017-03-30 10:46:04 : [STEP] [点击进入授权登录界面] ]]>
    </line>
    <line>
      <![CDATA[2017-03-30 10:46:04 : [INFO] [点击 -> -android uiautomator: text("授权登录")]]]>
    </line>
    <line>
      <![CDATA[2017-03-30 10:46:06 : [STEP] [授权界面点击QQ] ]]>
    </line>
    <line>
      <![CDATA[2017-03-30 10:46:06 : [INFO] [点击 -> id: com.orvibo.homemate:id/qqNickNameTextView]]]>
    </line>
    <line>
      <![CDATA[2017-03-30 10:46:07 : [STEP] [点击解除绑定] ]]>
    </line>
    <line>
      <![CDATA[2017-03-30 10:46:07 : [INFO] [点击 -> -android uiautomator: text("解除绑定")]]]>
    </line>
    <line>
      <![CDATA[2017-03-30 10:46:09 : [STEP] [点击知道了] ]]>
    </line>
    <line>
      <![CDATA[2017-03-30 10:46:09 : [INFO] [点击 -> -android uiautomator: text("知道了")]]]>
    </line>
    <line>
      <![CDATA[2017-03-30 10:46:14 : [STEP] [返回到授权登录界面] ]]>
    </line>
    <line>
      <![CDATA[2017-03-30 10:46:15 : [INFO] ******************************************************]]>
    </line>
    <line>
      <![CDATA[2017-03-30 10:46:41 : [INFO] groups:3]]>
    </line>
    <line>
      <![CDATA[2017-03-30 10:46:43 : [STEP] [点击'我的'] ]]>
    </line>
    <line>
      <![CDATA[2017-03-30 10:46:43 : [INFO] [点击 -> -android uiautomator: text("我的")]]]>
    </line>
    <line>
      <![CDATA[2017-03-30 10:46:44 : [STEP] [点击'关于'] ]]>
    </line>
    <line>
      <![CDATA[2017-03-30 10:46:44 : [INFO] [点击 -> -android uiautomator: text("关于")]]]>
    </line>
    <line>
      <![CDATA[2017-03-30 10:46:46 : [INFO] 当前版本号应为:2.3.0.300]]>
    </line>
    <line>
      <![CDATA[2017-03-30 10:46:49 : [INFO] 已截图,图片名称为:n.png]]>
    </line>
    <line>
      <![CDATA[2017-03-30 10:46:49 : [INFO] 对比图片:F:\测试automation\orvibo_appiumtest\testdata\about.png与图片:BufferedImage@3f2ef586: type = 6 ColorModel: #pixelBits = 32 numComponents = 4 color space = java.awt.color.ICC_ColorSpace@142269f2 transparency = 3 has alpha = true isAlphaPre = false ByteInterleavedRaster: width = 1080 height = 1920 #numDataElements 4 dataOff[0] = 3的相似度]]>
    </line>
    <line>
      <![CDATA[2017-03-30 10:46:49 : [INFO] ******************************************************]]>
    </line>
    <line>
      <![CDATA[2017-03-30 10:47:15 : [INFO] groups:4]]>
    </line>
    <line>
      <![CDATA[2017-03-30 10:47:18 : [STEP] [点击'我的'] ]]>
    </line>
    <line>
      <![CDATA[2017-03-30 10:47:18 : [INFO] [点击 -> -android uiautomator: text("我的")]]]>
    </line>
    <line>
      <![CDATA[2017-03-30 10:47:23 : [INFO] 已截图,图片名称为:1.png]]>
    </line>
    <line>
      <![CDATA[2017-03-30 10:47:23 : [STEP] [点击个人信息头像] ]]>
    </line>
    <line>
      <![CDATA[2017-03-30 10:47:23 : [INFO] [点击 -> id: com.orvibo.homemate:id/iv_personal_user_icon]]]>
    </line>
    <line>
      <![CDATA[2017-03-30 10:47:25 : [STEP] [点击进入授权登录界面] ]]>
    </line>
    <line>
      <![CDATA[2017-03-30 10:47:25 : [INFO] [点击 -> -android uiautomator: text("授权登录")]]]>
    </line>
    <line>
      <![CDATA[2017-03-30 10:47:28 : [INFO] 安装了微信]]>
    </line>
    <line>
      <![CDATA[2017-03-30 10:47:28 : [STEP] [点击微信账号] ]]>
    </line>
    <line>
      <![CDATA[2017-03-30 10:47:28 : [INFO] [点击 -> -android uiautomator: text("微信帐号")]]]>
    </line>
    <line>
      <![CDATA[2017-03-30 10:47:30 : [STEP] [点击绑定微信] ]]>
    </line>
    <line>
      <![CDATA[2017-03-30 10:47:30 : [INFO] [点击 -> -android uiautomator: text("绑定微信")]]]>
    </line>
    <line>
      <![CDATA[2017-03-30 10:47:38 : [INFO] 轻触坐标: x = 592, y = 1088]]>
    </line>
    <line>
      <![CDATA[2017-03-30 10:48:52 : [INFO] 成功比列:100]]>
    </line>
    <line>
      <![CDATA[2017-03-30 10:48:52 : [INFO] ******************************************************]]>
    </line>
    <line>
      <![CDATA[2017-03-30 10:49:19 : [INFO] groups:4]]>
    </line>
    <line>
      <![CDATA[2017-03-30 10:49:21 : [STEP] [点击'我的'] ]]>
    </line>
    <line>
      <![CDATA[2017-03-30 10:49:21 : [INFO] [点击 -> -android uiautomator: text("我的")]]]>
    </line>
    <line>
      <![CDATA[2017-03-30 10:49:27 : [INFO] 已截图,图片名称为:k.png]]>
    </line>
    <line>
      <![CDATA[2017-03-30 10:49:27 : [STEP] [点击个人信息头像] ]]>
    </line>
    <line>
      <![CDATA[2017-03-30 10:49:27 : [INFO] [点击 -> id: com.orvibo.homemate:id/iv_personal_user_icon]]]>
    </line>
    <line>
      <![CDATA[2017-03-30 10:49:28 : [STEP] [点击进入授权登录界面] ]]>
    </line>
    <line>
      <![CDATA[2017-03-30 10:49:28 : [INFO] [点击 -> -android uiautomator: text("授权登录")]]]>
    </line>
    <line>
      <![CDATA[2017-03-30 10:49:31 : [INFO] 安装了微博]]>
    </line>
    <line>
      <![CDATA[2017-03-30 10:49:31 : [STEP] [点击微博账号] ]]>
    </line>
    <line>
      <![CDATA[2017-03-30 10:49:31 : [INFO] [点击 -> -android uiautomator: text("微博帐号")]]]>
    </line>
    <line>
      <![CDATA[2017-03-30 10:49:33 : [STEP] [点击绑定微博] ]]>
    </line>
    <line>
      <![CDATA[2017-03-30 10:49:33 : [INFO] [点击 -> -android uiautomator: text("绑定微博")]]]>
    </line>
    <line>
      <![CDATA[2017-03-30 10:49:59 : [STEP] [返回到授权登录界面] ]]>
    </line>
    <line>
      <![CDATA[2017-03-30 10:50:00 : [STEP] [返回到个人信息界面] ]]>
    </line>
    <line>
      <![CDATA[2017-03-30 10:50:01 : [STEP] [返回到我的界面] ]]>
    </line>
    <line>
      <![CDATA[2017-03-30 10:50:06 : [INFO] 已截图,图片名称为:b.png]]>
    </line>
    <line>
      <![CDATA[2017-03-30 10:50:07 : [INFO] 对比图片:F:\测试automation\orvibo_appiumtest\Log\ScreenCap\k.png与图片:BufferedImage@495083a0: type = 6 ColorModel: #pixelBits = 32 numComponents = 4 color space = java.awt.color.ICC_ColorSpace@142269f2 transparency = 3 has alpha = true isAlphaPre = false ByteInterleavedRaster: width = 1080 height = 1920 #numDataElements 4 dataOff[0] = 3的相似度]]>
    </line>
    <line>
      <![CDATA[2017-03-30 10:50:31 : [INFO] 成功比列:100]]>
    </line>
    <line>
      <![CDATA[2017-03-30 10:50:31 : [INFO] ******************************************************]]>
    </line>
    <line>
      <![CDATA[2017-03-30 10:50:57 : [INFO] groups:4]]>
    </line>
    <line>
      <![CDATA[2017-03-30 10:51:00 : [STEP] [点击'我的'] ]]>
    </line>
    <line>
      <![CDATA[2017-03-30 10:51:00 : [INFO] [点击 -> -android uiautomator: text("我的")]]]>
    </line>
    <line>
      <![CDATA[2017-03-30 10:51:05 : [INFO] 已截图,图片名称为:o.png]]>
    </line>
    <line>
      <![CDATA[2017-03-30 10:51:05 : [STEP] [点击个人信息头像] ]]>
    </line>
    <line>
      <![CDATA[2017-03-30 10:51:05 : [INFO] [点击 -> id: com.orvibo.homemate:id/iv_personal_user_icon]]]>
    </line>
    <line>
      <![CDATA[2017-03-30 10:51:07 : [STEP] [点击进入授权登录界面] ]]>
    </line>
    <line>
      <![CDATA[2017-03-30 10:51:07 : [INFO] [点击 -> -android uiautomator: text("授权登录")]]]>
    </line>
    <line>
      <![CDATA[2017-03-30 10:51:09 : [INFO] 安装了QQ]]>
    </line>
    <line>
      <![CDATA[2017-03-30 10:51:09 : [STEP] [点击QQ账号] ]]>
    </line>
    <line>
      <![CDATA[2017-03-30 10:51:09 : [INFO] [点击 -> -android uiautomator: text("QQ帐号")]]]>
    </line>
    <line>
      <![CDATA[2017-03-30 10:51:11 : [STEP] [点击解除绑定] ]]>
    </line>
    <line>
      <![CDATA[2017-03-30 10:51:11 : [INFO] [点击 -> -android uiautomator: text("解除绑定")]]]>
    </line>
    <line>
      <![CDATA[2017-03-30 10:51:13 : [STEP] [点击知道了] ]]>
    </line>
    <line>
      <![CDATA[2017-03-30 10:51:13 : [INFO] [点击 -> -android uiautomator: text("知道了")]]]>
    </line>
    <line>
      <![CDATA[2017-03-30 10:51:18 : [STEP] [点击绑定QQ] ]]>
    </line>
    <line>
      <![CDATA[2017-03-30 10:51:18 : [INFO] [点击 -> -android uiautomator: text("绑定QQ")]]]>
    </line>
    <line>
      <![CDATA[2017-03-30 10:51:26 : [STEP] [点击登录按扭] ]]>
    </line>
    <line>
      <![CDATA[2017-03-30 10:51:26 : [INFO] [点击 -> class name: android.widget.Button]]]>
    </line>
    <line>
      <![CDATA[2017-03-30 10:52:43 : [INFO] 成功比列:100]]>
    </line>
    <line>
      <![CDATA[2017-03-30 10:52:43 : [INFO] ******************************************************]]>
    </line>
    <line>
      <![CDATA[2017-03-30 10:53:11 : [INFO] groups:3]]>
    </line>
    <line>
      <![CDATA[2017-03-30 10:53:13 : [STEP] [点击'我的'] ]]>
    </line>
    <line>
      <![CDATA[2017-03-30 10:53:13 : [INFO] [点击 -> -android uiautomator: text("我的")]]]>
    </line>
    <line>
      <![CDATA[2017-03-30 10:53:15 : [STEP] [点击个人信息头像] ]]>
    </line>
    <line>
      <![CDATA[2017-03-30 10:53:15 : [INFO] [点击 -> id: com.orvibo.homemate:id/iv_personal_user_icon]]]>
    </line>
    <line>
      <![CDATA[2017-03-30 10:53:17 : [STEP] [点击进入授权登录界面] ]]>
    </line>
    <line>
      <![CDATA[2017-03-30 10:53:17 : [INFO] [点击 -> -android uiautomator: text("授权登录")]]]>
    </line>
    <line>
      <![CDATA[2017-03-30 10:53:41 : [INFO] 成功比列:100]]>
    </line>
    <line>
      <![CDATA[2017-03-30 10:53:41 : [INFO] ******************************************************]]>
    </line>
    <line>
      <![CDATA[2017-03-30 10:54:08 : [INFO] groups:3]]>
    </line>
    <line>
      <![CDATA[2017-03-30 10:54:10 : [STEP] [点击'我的'] ]]>
    </line>
    <line>
      <![CDATA[2017-03-30 10:54:10 : [INFO] [点击 -> -android uiautomator: text("我的")]]]>
    </line>
    <line>
      <![CDATA[2017-03-30 10:54:12 : [STEP] [点击个人信息头像] ]]>
    </line>
    <line>
      <![CDATA[2017-03-30 10:54:12 : [INFO] [点击 -> id: com.orvibo.homemate:id/iv_personal_user_icon]]]>
    </line>
    <line>
      <![CDATA[2017-03-30 10:54:13 : [STEP] [点击进入手机绑定界面] ]]>
    </line>
    <line>
      <![CDATA[2017-03-30 10:54:13 : [INFO] [点击 -> -android uiautomator: text("手机号")]]]>
    </line>
    <line>
      <![CDATA[2017-03-30 10:54:15 : [STEP] [输入空格] ]]>
    </line>
    <line>
      <![CDATA[2017-03-30 10:54:15 : [INFO] [输入字符 -> id: com.orvibo.homemate:id/userPhoneEmailEditText]]]>
    </line>
    <line>
      <![CDATA[2017-03-30 10:54:19 : [STEP] [确认输入] ]]>
    </line>
    <line>
      <![CDATA[2017-03-30 10:54:19 : [INFO] [输入后回车 -> id: com.orvibo.homemate:id/userPhoneEmailEditText]]]>
    </line>
    <line>
      <![CDATA[2017-03-30 10:54:21 : [STEP] [清空文本框] ]]>
    </line>
    <line>
      <![CDATA[2017-03-30 10:54:21 : [INFO] [清空数据 -> id: com.orvibo.homemate:id/userPhoneEmailEditText]]]>
    </line>
    <line>
      <![CDATA[2017-03-30 10:54:22 : [STEP] [输入特殊字符] ]]>
    </line>
    <line>
      <![CDATA[2017-03-30 10:54:22 : [INFO] [输入字符 -> id: com.orvibo.homemate:id/userPhoneEmailEditText]]]>
    </line>
    <line>
      <![CDATA[2017-03-30 10:54:27 : [STEP] [确认输入] ]]>
    </line>
    <line>
      <![CDATA[2017-03-30 10:54:27 : [INFO] [输入后回车 -> id: com.orvibo.homemate:id/userPhoneEmailEditText]]]>
    </line>
    <line>
      <![CDATA[2017-03-30 10:54:28 : [STEP] [清空文本框] ]]>
    </line>
    <line>
      <![CDATA[2017-03-30 10:54:28 : [INFO] [清空数据 -> id: com.orvibo.homemate:id/userPhoneEmailEditText]]]>
    </line>
    <line>
      <![CDATA[2017-03-30 10:54:30 : [STEP] [输入小11位手机号] ]]>
    </line>
    <line>
      <![CDATA[2017-03-30 10:54:30 : [INFO] [输入字符 -> id: com.orvibo.homemate:id/userPhoneEmailEditText]]]>
    </line>
    <line>
      <![CDATA[2017-03-30 10:54:36 : [INFO] 输入的小于11位手机号为:1865713116]]>
    </line>
    <line>
      <![CDATA[2017-03-30 10:54:36 : [STEP] [清空文本框] ]]>
    </line>
    <line>
      <![CDATA[2017-03-30 10:54:36 : [INFO] [清空数据 -> id: com.orvibo.homemate:id/userPhoneEmailEditText]]]>
    </line>
    <line>
      <![CDATA[2017-03-30 10:54:41 : [STEP] [输入大于11位手机号] ]]>
    </line>
    <line>
      <![CDATA[2017-03-30 10:54:41 : [INFO] [输入字符 -> id: com.orvibo.homemate:id/userPhoneEmailEditText]]]>
    </line>
    <line>
      <![CDATA[2017-03-30 10:54:46 : [STEP] [确认输入] ]]>
    </line>
    <line>
      <![CDATA[2017-03-30 10:54:46 : [INFO] [输入后回车 -> id: com.orvibo.homemate:id/userPhoneEmailEditText]]]>
    </line>
    <line>
      <![CDATA[2017-03-30 10:54:48 : [STEP] [清空文本框] ]]>
    </line>
    <line>
      <![CDATA[2017-03-30 10:54:48 : [INFO] [清空数据 -> id: com.orvibo.homemate:id/userPhoneEmailEditText]]]>
    </line>
    <line>
      <![CDATA[2017-03-30 10:54:49 : [STEP] [输入特殊字符] ]]>
    </line>
    <line>
      <![CDATA[2017-03-30 10:54:49 : [INFO] [输入字符 -> id: com.orvibo.homemate:id/userPhoneEmailEditText]]]>
    </line>
    <line>
      <![CDATA[2017-03-30 10:54:55 : [STEP] [确认输入] ]]>
    </line>
    <line>
      <![CDATA[2017-03-30 10:54:55 : [INFO] [输入后回车 -> id: com.orvibo.homemate:id/userPhoneEmailEditText]]]>
    </line>
    <line>
      <![CDATA[2017-03-30 10:54:56 : [STEP] [清空文本框] ]]>
    </line>
    <line>
      <![CDATA[2017-03-30 10:54:56 : [INFO] [清空数据 -> id: com.orvibo.homemate:id/userPhoneEmailEditText]]]>
    </line>
    <line>
      <![CDATA[2017-03-30 10:54:58 : [STEP] [输入11位手机号] ]]>
    </line>
    <line>
      <![CDATA[2017-03-30 10:54:58 : [INFO] [输入字符 -> id: com.orvibo.homemate:id/userPhoneEmailEditText]]]>
    </line>
    <line>
      <![CDATA[2017-03-30 10:55:03 : [INFO] 输入的随机手机号为：15755768930]]>
    </line>
    <line>
      <![CDATA[2017-03-30 10:55:04 : [STEP] [点击下一步] ]]>
    </line>
    <line>
      <![CDATA[2017-03-30 10:55:04 : [INFO] [点击 -> -android uiautomator: text("下一步")]]]>
    </line>
    <line>
      <![CDATA[2017-03-30 10:55:09 : [STEP] [输入小11位手机号] ]]>
    </line>
    <line>
      <![CDATA[2017-03-30 10:55:09 : [INFO] [输入字符 -> id: com.orvibo.homemate:id/codeEditText]]]>
    </line>
    <line>
      <![CDATA[2017-03-30 10:55:15 : [INFO] 输入的小于11位手机号为:1323148973]]>
    </line>
    <line>
      <![CDATA[2017-03-30 10:55:15 : [STEP] [点击下一步] ]]>
    </line>
    <line>
      <![CDATA[2017-03-30 10:55:15 : [INFO] [点击 -> -android uiautomator: text("下一步")]]]>
    </line>
    <line>
      <![CDATA[2017-03-30 10:56:13 : [INFO] ******************************************************]]>
    </line>
    <line>
      <![CDATA[2017-03-30 10:56:39 : [INFO] groups:3]]>
    </line>
    <line>
      <![CDATA[2017-03-30 10:56:41 : [STEP] [点击'我的'] ]]>
    </line>
    <line>
      <![CDATA[2017-03-30 10:56:41 : [INFO] [点击 -> -android uiautomator: text("我的")]]]>
    </line>
    <line>
      <![CDATA[2017-03-30 10:56:43 : [STEP] [点击个人信息头像] ]]>
    </line>
    <line>
      <![CDATA[2017-03-30 10:56:43 : [INFO] [点击 -> id: com.orvibo.homemate:id/iv_personal_user_icon]]]>
    </line>
    <line>
      <![CDATA[2017-03-30 10:56:44 : [STEP] [进入邮箱绑定界面] ]]>
    </line>
    <line>
      <![CDATA[2017-03-30 10:56:44 : [INFO] [点击 -> -android uiautomator: text("邮箱")]]]>
    </line>
    <line>
      <![CDATA[2017-03-30 10:56:46 : [STEP] [点击“更换邮箱”] ]]>
    </line>
    <line>
      <![CDATA[2017-03-30 10:56:46 : [INFO] [点击 -> -android uiautomator: text("更换邮箱")]]]>
    </line>
    <line>
      <![CDATA[2017-03-30 10:56:48 : [INFO] ******************************************************]]>
    </line>
    <line>
      <![CDATA[2017-03-30 10:57:14 : [INFO] groups:3]]>
    </line>
    <line>
      <![CDATA[2017-03-30 10:57:17 : [STEP] [点击'我的'] ]]>
    </line>
    <line>
      <![CDATA[2017-03-30 10:57:17 : [INFO] [点击 -> -android uiautomator: text("我的")]]]>
    </line>
    <line>
      <![CDATA[2017-03-30 10:57:18 : [STEP] [点击个人信息头像] ]]>
    </line>
    <line>
      <![CDATA[2017-03-30 10:57:18 : [INFO] [点击 -> id: com.orvibo.homemate:id/iv_personal_user_icon]]]>
    </line>
    <line>
      <![CDATA[2017-03-30 10:57:19 : [STEP] [点击进入邮箱绑定界面] ]]>
    </line>
    <line>
      <![CDATA[2017-03-30 10:57:19 : [INFO] [点击 -> -android uiautomator: text("邮箱")]]]>
    </line>
    <line>
      <![CDATA[2017-03-30 10:57:21 : [STEP] [点击手机返回键] ]]>
    </line>
    <line>
      <![CDATA[2017-03-30 10:57:22 : [STEP] [点击进入手机绑定界面] ]]>
    </line>
    <line>
      <![CDATA[2017-03-30 10:57:22 : [INFO] [点击 -> -android uiautomator: text("手机号")]]]>
    </line>
    <line>
      <![CDATA[2017-03-30 10:57:24 : [INFO] ******************************************************]]>
    </line>
    <line>
      <![CDATA[2017-03-30 10:57:50 : [INFO] groups:3]]>
    </line>
    <line>
      <![CDATA[2017-03-30 10:57:53 : [STEP] [点击'我的'] ]]>
    </line>
    <line>
      <![CDATA[2017-03-30 10:57:53 : [INFO] [点击 -> -android uiautomator: text("我的")]]]>
    </line>
    <line>
      <![CDATA[2017-03-30 10:57:54 : [STEP] [点击'意见反馈'] ]]>
    </line>
    <line>
      <![CDATA[2017-03-30 10:57:54 : [INFO] [点击 -> -android uiautomator: text("意见反馈")]]]>
    </line>
    <line>
      <![CDATA[2017-03-30 10:58:02 : [INFO] X为:1080Y为：1920]]>
    </line>
    <line>
      <![CDATA[2017-03-30 10:58:03 : [STEP] [Wait For Text : [我要反馈]] ]]>
    </line>
    <line>
      <![CDATA[2017-03-30 10:58:03 : [INFO] [Wait For Text : [我要反馈]] ]]>
    </line>
    <line>
      <![CDATA[2017-03-30 10:58:07 : [STEP] [点击我要反馈] ]]>
    </line>
    <line>
      <![CDATA[2017-03-30 10:58:07 : [INFO] [点击 -> class name: bc_feedback_submite]]]>
    </line>
    <line>
      <![CDATA[2017-03-30 10:58:09 : [STEP] [反馈内容框中输入内容] ]]>
    </line>
    <line>
      <![CDATA[2017-03-30 10:58:09 : [INFO] [输入字符 -> xpath: //*[@id="feedback-content"]]]]>
    </line>
    <line>
      <![CDATA[2017-03-30 10:58:09 : [INFO] X为:1080Y为：1920]]>
    </line>
    <line>
      <![CDATA[2017-03-30 10:58:10 : [INFO] X为:1080Y为：1920]]>
    </line>
    <line>
      <![CDATA[2017-03-30 10:58:13 : [STEP] [选中一张照片] ]]>
    </line>
    <line>
      <![CDATA[2017-03-30 10:58:13 : [INFO] [点击 -> id: com.miui.gallery:id/pick_num_indicator]]]>
    </line>
    <line>
      <![CDATA[2017-03-30 10:58:16 : [STEP] [输入联系方式] ]]>
    </line>
    <line>
      <![CDATA[2017-03-30 10:58:16 : [INFO] [输入字符 -> id: feedback-contact]]]>
    </line>
    <line>
      <![CDATA[2017-03-30 10:58:17 : [INFO] X为:1080Y为：1920]]>
    </line>
    <line>
      <![CDATA[2017-03-30 10:58:18 : [STEP] [反馈内容框中输入内容] ]]>
    </line>
    <line>
      <![CDATA[2017-03-30 10:58:18 : [INFO] [输入字符 -> xpath: //*[@id="feedback-content"]]]]>
    </line>
    <line>
      <![CDATA[2017-03-30 10:58:19 : [INFO] X为:1080Y为：1920]]>
    </line>
    <line>
      <![CDATA[2017-03-30 10:58:20 : [STEP] [Wait For Text : [send]] ]]>
    </line>
    <line>
      <![CDATA[2017-03-30 10:58:20 : [INFO] [Wait For Text : [send]] ]]>
    </line>
    <line>
      <![CDATA[2017-03-30 11:02:44 : [INFO] ******************************************************]]>
    </line>
    <line>
      <![CDATA[2017-03-30 11:07:11 : [INFO] groups:4]]>
    </line>
    <line>
      <![CDATA[2017-03-30 11:07:14 : [STEP] [点击'我的'] ]]>
    </line>
    <line>
      <![CDATA[2017-03-30 11:07:14 : [INFO] [点击 -> -android uiautomator: text("我的")]]]>
    </line>
    <line>
      <![CDATA[2017-03-30 11:07:15 : [STEP] [点击个人信息头像] ]]>
    </line>
    <line>
      <![CDATA[2017-03-30 11:07:15 : [INFO] [点击 -> id: com.orvibo.homemate:id/iv_personal_user_icon]]]>
    </line>
    <line>
      <![CDATA[2017-03-30 11:07:17 : [STEP] [点击修改密码] ]]>
    </line>
    <line>
      <![CDATA[2017-03-30 11:07:17 : [INFO] [点击 -> -android uiautomator: text("修改密码")]]]>
    </line>
    <line>
      <![CDATA[2017-03-30 11:07:18 : [STEP] [点击忘记旧密码] ]]>
    </line>
    <line>
      <![CDATA[2017-03-30 11:07:18 : [INFO] [点击 -> -android uiautomator: text("忘记旧密码")]]]>
    </line>
    <line>
      <![CDATA[2017-03-30 11:07:20 : [STEP] [输入正确的账号] ]]>
    </line>
    <line>
      <![CDATA[2017-03-30 11:07:20 : [INFO] [输入字符 -> id: com.orvibo.homemate:id/userPhoneEmailEditText]]]>
    </line>
    <line>
      <![CDATA[2017-03-30 11:07:25 : [INFO] 登录的帐号为:15079034630@126.com]]>
    </line>
    <line>
      <![CDATA[2017-03-30 11:07:26 : [STEP] [点击下一步] ]]>
    </line>
    <line>
      <![CDATA[2017-03-30 11:07:26 : [INFO] [点击 -> -android uiautomator: text("下一步")]]]>
    </line>
    <line>
      <![CDATA[2017-03-30 11:07:28 : [STEP] [输入小11位手机号] ]]>
    </line>
    <line>
      <![CDATA[2017-03-30 11:07:28 : [INFO] [输入字符 -> id: com.orvibo.homemate:id/codeEditText]]]>
    </line>
    <line>
      <![CDATA[2017-03-30 11:07:33 : [INFO] 输入的小于11位手机号为:1397235222]]>
    </line>
    <line>
      <![CDATA[2017-03-30 11:07:34 : [STEP] [点击下一步] ]]>
    </line>
    <line>
      <![CDATA[2017-03-30 11:07:34 : [INFO] [点击 -> -android uiautomator: text("下一步")]]]>
    </line>
    <line>
      <![CDATA[2017-03-30 11:08:29 : [INFO] ******************************************************]]>
    </line>
    <line>
      <![CDATA[2017-03-30 11:08:55 : [INFO] groups:3]]>
    </line>
    <line>
      <![CDATA[2017-03-30 11:08:57 : [STEP] [点击'我的'] ]]>
    </line>
    <line>
      <![CDATA[2017-03-30 11:08:57 : [INFO] [点击 -> -android uiautomator: text("我的")]]]>
    </line>
    <line>
      <![CDATA[2017-03-30 11:08:59 : [STEP] [点击个人信息头像] ]]>
    </line>
    <line>
      <![CDATA[2017-03-30 11:08:59 : [INFO] [点击 -> id: com.orvibo.homemate:id/iv_personal_user_icon]]]>
    </line>
    <line>
      <![CDATA[2017-03-30 11:09:00 : [STEP] [点击昵称] ]]>
    </line>
    <line>
      <![CDATA[2017-03-30 11:09:00 : [INFO] [点击 -> -android uiautomator: text("昵称")]]]>
    </line>
    <line>
      <![CDATA[2017-03-30 11:09:02 : [STEP] [清空昵称文本框] ]]>
    </line>
    <line>
      <![CDATA[2017-03-30 11:09:02 : [INFO] [清空数据 -> id: com.orvibo.homemate:id/userNicknameEditText]]]>
    </line>
    <line>
      <![CDATA[2017-03-30 11:09:04 : [INFO] ******************************************************]]>
    </line>
    <line>
      <![CDATA[2017-03-30 11:09:31 : [INFO] groups:3]]>
    </line>
    <line>
      <![CDATA[2017-03-30 11:09:33 : [STEP] [点击'我的'] ]]>
    </line>
    <line>
      <![CDATA[2017-03-30 11:09:33 : [INFO] [点击 -> -android uiautomator: text("我的")]]]>
    </line>
    <line>
      <![CDATA[2017-03-30 11:09:34 : [STEP] [点击个人信息头像] ]]>
    </line>
    <line>
      <![CDATA[2017-03-30 11:09:34 : [INFO] [点击 -> id: com.orvibo.homemate:id/iv_personal_user_icon]]]>
    </line>
    <line>
      <![CDATA[2017-03-30 11:09:36 : [STEP] [点击昵称] ]]>
    </line>
    <line>
      <![CDATA[2017-03-30 11:09:36 : [INFO] [点击 -> -android uiautomator: text("昵称")]]]>
    </line>
    <line>
      <![CDATA[2017-03-30 11:09:37 : [STEP] [输入16个字汉] ]]>
    </line>
    <line>
      <![CDATA[2017-03-30 11:09:37 : [INFO] [输入字符 -> id: com.orvibo.homemate:id/userNicknameEditText]]]>
    </line>
    <line>
      <![CDATA[2017-03-30 11:09:43 : [INFO] 输入的汉字为:我是中国人我爱我的祖国我们是一家]]>
    </line>
    <line>
      <![CDATA[2017-03-30 11:09:44 : [STEP] [点击保存按扭] ]]>
    </line>
    <line>
      <![CDATA[2017-03-30 11:09:44 : [INFO] [点击按扭 -> -android uiautomator: text("保存")]]]>
    </line>
    <line>
      <![CDATA[2017-03-30 11:09:47 : [INFO] ******************************************************]]>
    </line>
    <line>
      <![CDATA[2017-03-30 11:10:13 : [INFO] groups:3]]>
    </line>
    <line>
      <![CDATA[2017-03-30 11:10:16 : [STEP] [点击'我的'] ]]>
    </line>
    <line>
      <![CDATA[2017-03-30 11:10:16 : [INFO] [点击 -> -android uiautomator: text("我的")]]]>
    </line>
    <line>
      <![CDATA[2017-03-30 11:10:17 : [STEP] [点击个人信息头像] ]]>
    </line>
    <line>
      <![CDATA[2017-03-30 11:10:17 : [INFO] [点击 -> id: com.orvibo.homemate:id/iv_personal_user_icon]]]>
    </line>
    <line>
      <![CDATA[2017-03-30 11:10:18 : [STEP] [点击昵称] ]]>
    </line>
    <line>
      <![CDATA[2017-03-30 11:10:18 : [INFO] [点击 -> -android uiautomator: text("昵称")]]]>
    </line>
    <line>
      <![CDATA[2017-03-30 11:10:20 : [STEP] [输入32个英文] ]]>
    </line>
    <line>
      <![CDATA[2017-03-30 11:10:20 : [INFO] [输入字符 -> id: com.orvibo.homemate:id/userNicknameEditText]]]>
    </line>
    <line>
      <![CDATA[2017-03-30 11:10:41 : [STEP] [确认输入] ]]>
    </line>
    <line>
      <![CDATA[2017-03-30 11:10:41 : [INFO] [输入后回车 -> id: com.orvibo.homemate:id/userNicknameEditText]]]>
    </line>
    <line>
      <![CDATA[2017-03-30 11:10:42 : [STEP] [点击保存按扭] ]]>
    </line>
    <line>
      <![CDATA[2017-03-30 11:10:42 : [INFO] [点击按扭 -> -android uiautomator: text("保存")]]]>
    </line>
    <line>
      <![CDATA[2017-03-30 11:10:43 : [INFO] ******************************************************]]>
    </line>
    <line>
      <![CDATA[2017-03-30 11:11:10 : [INFO] groups:4]]>
    </line>
    <line>
      <![CDATA[2017-03-30 11:11:12 : [STEP] [点击'我的'] ]]>
    </line>
    <line>
      <![CDATA[2017-03-30 11:11:12 : [INFO] [点击 -> -android uiautomator: text("我的")]]]>
    </line>
    <line>
      <![CDATA[2017-03-30 11:11:13 : [STEP] [点击个人信息头像] ]]>
    </line>
    <line>
      <![CDATA[2017-03-30 11:11:13 : [INFO] [点击 -> id: com.orvibo.homemate:id/iv_personal_user_icon]]]>
    </line>
    <line>
      <![CDATA[2017-03-30 11:11:15 : [STEP] [点击昵称] ]]>
    </line>
    <line>
      <![CDATA[2017-03-30 11:11:15 : [INFO] [点击 -> id: com.orvibo.homemate:id/userNicknameTextView]]]>
    </line>
    <line>
      <![CDATA[2017-03-30 11:11:16 : [STEP] [输入1个字符] ]]>
    </line>
    <line>
      <![CDATA[2017-03-30 11:11:16 : [INFO] [输入字符 -> id: com.orvibo.homemate:id/userNicknameEditText]]]>
    </line>
    <line>
      <![CDATA[2017-03-30 11:11:22 : [STEP] [确认输入] ]]>
    </line>
    <line>
      <![CDATA[2017-03-30 11:11:22 : [INFO] [输入后回车 -> id: com.orvibo.homemate:id/userNicknameEditText]]]>
    </line>
    <line>
      <![CDATA[2017-03-30 11:11:23 : [STEP] [点击保存按扭] ]]>
    </line>
    <line>
      <![CDATA[2017-03-30 11:11:23 : [INFO] [点击按扭 -> -android uiautomator: text("保存")]]]>
    </line>
    <line>
      <![CDATA[2017-03-30 11:11:24 : [INFO] ******************************************************]]>
    </line>
    <line>
      <![CDATA[2017-03-30 11:11:51 : [INFO] groups:3]]>
    </line>
    <line>
      <![CDATA[2017-03-30 11:11:53 : [STEP] [点击'我的'] ]]>
    </line>
    <line>
      <![CDATA[2017-03-30 11:11:53 : [INFO] [点击 -> -android uiautomator: text("我的")]]]>
    </line>
    <line>
      <![CDATA[2017-03-30 11:11:59 : [INFO] 已截图,图片名称为:4.png]]>
    </line>
    <line>
      <![CDATA[2017-03-30 11:11:59 : [STEP] [点击个人中心头像] ]]>
    </line>
    <line>
      <![CDATA[2017-03-30 11:11:59 : [INFO] [点击 -> id: com.orvibo.homemate:id/iv_personal_user_icon]]]>
    </line>
    <line>
      <![CDATA[2017-03-30 11:12:00 : [STEP] [个人信息中点击“头像”] ]]>
    </line>
    <line>
      <![CDATA[2017-03-30 11:12:00 : [INFO] [点击 -> id: com.orvibo.homemate:id/userPicImageView]]]>
    </line>
    <line>
      <![CDATA[2017-03-30 11:12:02 : [STEP] [点击选择框中的“取消”按扭] ]]>
    </line>
    <line>
      <![CDATA[2017-03-30 11:12:02 : [INFO] [点击 -> -android uiautomator: text("取消")]]]>
    </line>
    <line>
      <![CDATA[2017-03-30 11:12:06 : [STEP] [个人信息中点击“头像”] ]]>
    </line>
    <line>
      <![CDATA[2017-03-30 11:12:06 : [INFO] [点击 -> id: com.orvibo.homemate:id/userPicImageView]]]>
    </line>
    <line>
      <![CDATA[2017-03-30 11:12:08 : [STEP] [点击选择框中的“拍照”按扭] ]]>
    </line>
    <line>
      <![CDATA[2017-03-30 11:12:08 : [INFO] [点击 -> -android uiautomator: text("拍照")]]]>
    </line>
    <line>
      <![CDATA[2017-03-30 11:12:11 : [STEP] [拍照界面点击取消] ]]>
    </line>
    <line>
      <![CDATA[2017-03-30 11:12:11 : [INFO] [点击 -> id: com.android.camera:id/v6_btn_cancel]]]>
    </line>
    <line>
      <![CDATA[2017-03-30 11:12:12 : [STEP] [点击“头像”] ]]>
    </line>
    <line>
      <![CDATA[2017-03-30 11:12:12 : [INFO] [点击 -> id: com.orvibo.homemate:id/userPicImageView]]]>
    </line>
    <line>
      <![CDATA[2017-03-30 11:12:14 : [STEP] [点击选择框中的“拍照”按扭] ]]>
    </line>
    <line>
      <![CDATA[2017-03-30 11:12:14 : [INFO] [点击 -> -android uiautomator: text("拍照")]]]>
    </line>
    <line>
      <![CDATA[2017-03-30 11:12:16 : [STEP] [点击拍照按扭] ]]>
    </line>
    <line>
      <![CDATA[2017-03-30 11:12:16 : [INFO] [点击 -> id: com.android.camera:id/v6_shutter_button_internal]]]>
    </line>
    <line>
      <![CDATA[2017-03-30 11:12:20 : [STEP] [点击选择按扭] ]]>
    </line>
    <line>
      <![CDATA[2017-03-30 11:12:20 : [INFO] [点击 -> id: com.android.camera:id/v6_btn_done]]]>
    </line>
    <line>
      <![CDATA[2017-03-30 11:12:22 : [STEP] [裁剪界面点击“取消”] ]]>
    </line>
    <line>
      <![CDATA[2017-03-30 11:12:22 : [INFO] [点击 -> id: com.miui.gallery:id/cancel]]]>
    </line>
    <line>
      <![CDATA[2017-03-30 11:12:23 : [STEP] [点击“头像”] ]]>
    </line>
    <line>
      <![CDATA[2017-03-30 11:12:23 : [INFO] [点击 -> id: com.orvibo.homemate:id/userPicImageView]]]>
    </line>
    <line>
      <![CDATA[2017-03-30 11:12:25 : [STEP] [点击选择框中的“拍照”按扭] ]]>
    </line>
    <line>
      <![CDATA[2017-03-30 11:12:25 : [INFO] [点击 -> -android uiautomator: text("拍照")]]]>
    </line>
    <line>
      <![CDATA[2017-03-30 11:12:27 : [STEP] [点击拍照按扭] ]]>
    </line>
    <line>
      <![CDATA[2017-03-30 11:12:27 : [INFO] [点击 -> id: com.android.camera:id/v6_shutter_button_internal]]]>
    </line>
    <line>
      <![CDATA[2017-03-30 11:12:31 : [STEP] [点击选择按扭] ]]>
    </line>
    <line>
      <![CDATA[2017-03-30 11:12:31 : [INFO] [点击 -> id: com.android.camera:id/v6_btn_done]]]>
    </line>
    <line>
      <![CDATA[2017-03-30 11:12:33 : [STEP] [裁剪界面点击确定] ]]>
    </line>
    <line>
      <![CDATA[2017-03-30 11:12:33 : [INFO] [点击 -> -android uiautomator: text("确定")]]]>
    </line>
    <line>
      <![CDATA[2017-03-30 11:12:35 : [STEP] [Wait For Text : [个人信息]] ]]>
    </line>
    <line>
      <![CDATA[2017-03-30 11:12:35 : [INFO] [Wait For Text : [个人信息]] ]]>
    </line>
    <line>
      <![CDATA[2017-03-30 11:12:38 : [STEP] [图片选择界面点击返回] ]]>
    </line>
    <line>
      <![CDATA[2017-03-30 11:12:44 : [INFO] 已截图,图片名称为:v.png]]>
    </line>
    <line>
      <![CDATA[2017-03-30 11:12:45 : [INFO] 对比图片:F:\测试automation\orvibo_appiumtest\Log\ScreenCap\v.png与图片:BufferedImage@67427b69: type = 6 ColorModel: #pixelBits = 32 numComponents = 4 color space = java.awt.color.ICC_ColorSpace@142269f2 transparency = 3 has alpha = true isAlphaPre = false ByteInterleavedRaster: width = 1080 height = 1920 #numDataElements 4 dataOff[0] = 3的相似度]]>
    </line>
    <line>
      <![CDATA[2017-03-30 11:12:45 : [INFO] ******************************************************]]>
    </line>
    <line>
      <![CDATA[2017-03-30 11:13:12 : [INFO] groups:3]]>
    </line>
    <line>
      <![CDATA[2017-03-30 11:13:14 : [STEP] [点击'我的'] ]]>
    </line>
    <line>
      <![CDATA[2017-03-30 11:13:14 : [INFO] [点击 -> -android uiautomator: text("我的")]]]>
    </line>
    <line>
      <![CDATA[2017-03-30 11:13:20 : [INFO] 已截图,图片名称为:q9.png]]>
    </line>
    <line>
      <![CDATA[2017-03-30 11:13:20 : [STEP] [点击个人信息头像] ]]>
    </line>
    <line>
      <![CDATA[2017-03-30 11:13:20 : [INFO] [点击 -> id: com.orvibo.homemate:id/iv_personal_user_icon]]]>
    </line>
    <line>
      <![CDATA[2017-03-30 11:13:22 : [STEP] [个人信息中点击“头像”] ]]>
    </line>
    <line>
      <![CDATA[2017-03-30 11:13:22 : [INFO] [点击 -> id: com.orvibo.homemate:id/userPicImageView]]]>
    </line>
    <line>
      <![CDATA[2017-03-30 11:13:23 : [STEP] [点击选择框中的“取消”按扭] ]]>
    </line>
    <line>
      <![CDATA[2017-03-30 11:13:23 : [INFO] [点击 -> -android uiautomator: text("取消")]]]>
    </line>
    <line>
      <![CDATA[2017-03-30 11:13:27 : [STEP] [个人信息中点击“头像”] ]]>
    </line>
    <line>
      <![CDATA[2017-03-30 11:13:27 : [INFO] [点击 -> id: com.orvibo.homemate:id/userPicImageView]]]>
    </line>
    <line>
      <![CDATA[2017-03-30 11:13:29 : [STEP] [点击选择框中的“拍照”按扭] ]]>
    </line>
    <line>
      <![CDATA[2017-03-30 11:13:29 : [INFO] [点击 -> -android uiautomator: text("拍照")]]]>
    </line>
    <line>
      <![CDATA[2017-03-30 11:13:31 : [STEP] [拍照界面点击取消] ]]>
    </line>
    <line>
      <![CDATA[2017-03-30 11:13:31 : [INFO] [点击 -> id: com.android.camera:id/v6_btn_cancel]]]>
    </line>
    <line>
      <![CDATA[2017-03-30 11:13:33 : [STEP] [点击“头像”] ]]>
    </line>
    <line>
      <![CDATA[2017-03-30 11:13:33 : [INFO] [点击 -> id: com.orvibo.homemate:id/userPicImageView]]]>
    </line>
    <line>
      <![CDATA[2017-03-30 11:13:34 : [STEP] [点击选择框中的“拍照”按扭] ]]>
    </line>
    <line>
      <![CDATA[2017-03-30 11:13:34 : [INFO] [点击 -> -android uiautomator: text("拍照")]]]>
    </line>
    <line>
      <![CDATA[2017-03-30 11:13:36 : [STEP] [点击拍照按扭] ]]>
    </line>
    <line>
      <![CDATA[2017-03-30 11:13:36 : [INFO] [点击 -> id: com.android.camera:id/v6_shutter_button_internal]]]>
    </line>
    <line>
      <![CDATA[2017-03-30 11:13:39 : [STEP] [点击选择按扭] ]]>
    </line>
    <line>
      <![CDATA[2017-03-30 11:13:39 : [INFO] [点击 -> id: com.android.camera:id/v6_btn_done]]]>
    </line>
    <line>
      <![CDATA[2017-03-30 11:13:42 : [STEP] [裁剪界面点击“取消”] ]]>
    </line>
    <line>
      <![CDATA[2017-03-30 11:13:42 : [INFO] [点击 -> id: com.miui.gallery:id/cancel]]]>
    </line>
    <line>
      <![CDATA[2017-03-30 11:13:43 : [STEP] [点击“头像”] ]]>
    </line>
    <line>
      <![CDATA[2017-03-30 11:13:43 : [INFO] [点击 -> id: com.orvibo.homemate:id/userPicImageView]]]>
    </line>
    <line>
      <![CDATA[2017-03-30 11:13:45 : [STEP] [点击选择框中的“拍照”按扭] ]]>
    </line>
    <line>
      <![CDATA[2017-03-30 11:13:45 : [INFO] [点击 -> -android uiautomator: text("拍照")]]]>
    </line>
    <line>
      <![CDATA[2017-03-30 11:13:47 : [STEP] [点击拍照按扭] ]]>
    </line>
    <line>
      <![CDATA[2017-03-30 11:13:47 : [INFO] [点击 -> id: com.android.camera:id/v6_shutter_button_internal]]]>
    </line>
    <line>
      <![CDATA[2017-03-30 11:13:51 : [STEP] [点击选择按扭] ]]>
    </line>
    <line>
      <![CDATA[2017-03-30 11:13:51 : [INFO] [点击 -> id: com.android.camera:id/v6_btn_done]]]>
    </line>
    <line>
      <![CDATA[2017-03-30 11:13:53 : [STEP] [裁剪界面点击确定] ]]>
    </line>
    <line>
      <![CDATA[2017-03-30 11:13:53 : [INFO] [点击 -> -android uiautomator: text("确定")]]]>
    </line>
    <line>
      <![CDATA[2017-03-30 11:13:55 : [STEP] [点击手机返回键] ]]>
    </line>
    <line>
      <![CDATA[2017-03-30 11:14:00 : [INFO] 已截图,图片名称为:b5.png]]>
    </line>
    <line>
      <![CDATA[2017-03-30 11:14:01 : [INFO] 对比图片:F:\测试automation\orvibo_appiumtest\Log\ScreenCap\b5.png与图片:BufferedImage@1b9ea3e3: type = 6 ColorModel: #pixelBits = 32 numComponents = 4 color space = java.awt.color.ICC_ColorSpace@142269f2 transparency = 3 has alpha = true isAlphaPre = false ByteInterleavedRaster: width = 1080 height = 1920 #numDataElements 4 dataOff[0] = 3的相似度]]>
    </line>
    <line>
      <![CDATA[2017-03-30 11:14:01 : [INFO] ******************************************************]]>
    </line>
    <line>
      <![CDATA[2017-03-30 11:14:28 : [INFO] groups:3]]>
    </line>
    <line>
      <![CDATA[2017-03-30 11:14:31 : [STEP] [点击'我的'] ]]>
    </line>
    <line>
      <![CDATA[2017-03-30 11:14:31 : [INFO] [点击 -> -android uiautomator: text("我的")]]]>
    </line>
    <line>
      <![CDATA[2017-03-30 11:14:32 : [STEP] [点击个人信息头像] ]]>
    </line>
    <line>
      <![CDATA[2017-03-30 11:14:32 : [INFO] [点击 -> id: com.orvibo.homemate:id/iv_personal_user_icon]]]>
    </line>
    <line>
      <![CDATA[2017-03-30 11:14:34 : [STEP] [点击修改密码] ]]>
    </line>
    <line>
      <![CDATA[2017-03-30 11:14:34 : [INFO] [点击 -> -android uiautomator: text("修改密码")]]]>
    </line>
    <line>
      <![CDATA[2017-03-30 11:14:35 : [STEP] [输入小11位手机号] ]]>
    </line>
    <line>
      <![CDATA[2017-03-30 11:14:35 : [INFO] [输入字符 -> class name: android.widget.EditText]]]>
    </line>
    <line>
      <![CDATA[2017-03-30 11:14:40 : [INFO] 输入的小于11位手机号为:1379245496]]>
    </line>
    <line>
      <![CDATA[2017-03-30 11:15:04 : [INFO] 成功比列:100]]>
    </line>
    <line>
      <![CDATA[2017-03-30 11:15:04 : [INFO] ******************************************************]]>
    </line>
    <line>
      <![CDATA[2017-03-30 11:15:29 : [INFO] groups:2]]>
    </line>
    <line>
      <![CDATA[2017-03-30 11:15:33 : [STEP] [点击'我的'] ]]>
    </line>
    <line>
      <![CDATA[2017-03-30 11:15:33 : [INFO] [点击 -> -android uiautomator: text("我的")]]]>
    </line>
    <line>
      <![CDATA[2017-03-30 11:15:35 : [STEP] [点击个人信息头像] ]]>
    </line>
    <line>
      <![CDATA[2017-03-30 11:15:35 : [INFO] [点击 -> id: com.orvibo.homemate:id/iv_personal_user_icon]]]>
    </line>
    <line>
      <![CDATA[2017-03-30 11:15:36 : [STEP] [点击退出登录] ]]>
    </line>
    <line>
      <![CDATA[2017-03-30 11:15:36 : [INFO] [点击 -> id: com.orvibo.homemate:id/userLogoutButton]]]>
    </line>
    <line>
      <![CDATA[2017-03-30 11:15:38 : [STEP] [提示框中点击确定] ]]>
    </line>
    <line>
      <![CDATA[2017-03-30 11:15:38 : [INFO] [点击 -> id: com.orvibo.homemate:id/rightButton]]]>
    </line>
    <line>
      <![CDATA[2017-03-30 11:15:40 : [STEP] [点击微博图标] ]]>
    </line>
    <line>
      <![CDATA[2017-03-30 11:15:40 : [INFO] [点击 -> id: com.orvibo.homemate:id/sina_login]]]>
    </line>
    <line>
      <![CDATA[2017-03-30 11:15:58 : [STEP] [点击我的] ]]>
    </line>
    <line>
      <![CDATA[2017-03-30 11:15:58 : [INFO] [点击 -> -android uiautomator: text("我的")]]]>
    </line>
    <line>
      <![CDATA[2017-03-30 11:16:00 : [STEP] [点击个人信息头像] ]]>
    </line>
    <line>
      <![CDATA[2017-03-30 11:16:00 : [INFO] [点击 -> id: com.orvibo.homemate:id/iv_personal_user_icon]]]>
    </line>
    <line>
      <![CDATA[2017-03-30 11:16:02 : [STEP] [点击授权登录] ]]>
    </line>
    <line>
      <![CDATA[2017-03-30 11:16:02 : [INFO] [点击 -> id: com.orvibo.homemate:id/weChatNormalImageView]]]>
    </line>
    <line>
      <![CDATA[2017-03-30 11:16:03 : [STEP] [点击授权登录] ]]>
    </line>
    <line>
      <![CDATA[2017-03-30 11:16:03 : [INFO] [点击 -> id: com.orvibo.homemate:id/authSinaImageView]]]>
    </line>
    <line>
      <![CDATA[2017-03-30 11:16:04 : [STEP] [点击授权登录] ]]>
    </line>
    <line>
      <![CDATA[2017-03-30 11:16:04 : [INFO] [点击 -> id: com.orvibo.homemate:id/bindChangeButton]]]>
    </line>
    <line>
      <![CDATA[2017-03-30 11:16:06 : [INFO] ******************************************************]]>
    </line>
    <line>
      <![CDATA[2017-03-30 11:16:32 : [INFO] groups:1]]>
    </line>
    <line>
      <![CDATA[2017-03-30 11:16:37 : [STEP] [点击'我的'] ]]>
    </line>
    <line>
      <![CDATA[2017-03-30 11:16:37 : [INFO] [点击 -> -android uiautomator: text("我的")]]]>
    </line>
    <line>
      <![CDATA[2017-03-30 11:16:38 : [STEP] [点击个人信息头像] ]]>
    </line>
    <line>
      <![CDATA[2017-03-30 11:16:38 : [INFO] [点击 -> id: com.orvibo.homemate:id/iv_personal_user_icon]]]>
    </line>
    <line>
      <![CDATA[2017-03-30 11:16:40 : [STEP] [点击退出登录] ]]>
    </line>
    <line>
      <![CDATA[2017-03-30 11:16:40 : [INFO] [点击 -> id: com.orvibo.homemate:id/userLogoutButton]]]>
    </line>
    <line>
      <![CDATA[2017-03-30 11:16:41 : [STEP] [提示框中点击确定] ]]>
    </line>
    <line>
      <![CDATA[2017-03-30 11:16:41 : [INFO] [点击 -> id: com.orvibo.homemate:id/rightButton]]]>
    </line>
    <line>
      <![CDATA[2017-03-30 11:16:43 : [INFO] 注册要使用的手机号为：13265784540]]>
    </line>
    <line>
      <![CDATA[2017-03-30 11:16:47 : [STEP] [点击注册按扭] ]]>
    </line>
    <line>
      <![CDATA[2017-03-30 11:16:47 : [INFO] [点击 -> id: com.orvibo.homemate:id/register_tv]]]>
    </line>
    <line>
      <![CDATA[2017-03-30 11:16:48 : [INFO] 轻触坐标: x = 800, y = 700]]>
    </line>
    <line>
      <![CDATA[2017-03-30 11:16:51 : [STEP] [返回至帐号注册界面] ]]>
    </line>
    <line>
      <![CDATA[2017-03-30 11:16:51 : [INFO] [点击 -> id: com.orvibo.homemate:id/left_iv]]]>
    </line>
    <line>
      <![CDATA[2017-03-30 11:16:55 : [STEP] [输入手机号] ]]>
    </line>
    <line>
      <![CDATA[2017-03-30 11:16:55 : [INFO] [输入字符 -> class name: android.widget.EditText]]]>
    </line>
    <line>
      <![CDATA[2017-03-30 11:17:01 : [STEP] [点击下一步] ]]>
    </line>
    <line>
      <![CDATA[2017-03-30 11:17:01 : [INFO] [点击 -> id: com.orvibo.homemate:id/nextButton]]]>
    </line>
    <line>
      <![CDATA[2017-03-30 11:24:57 : [INFO] 成功比列:100]]>
    </line>
    <line>
      <![CDATA[2017-03-30 11:24:57 : [INFO] ******************************************************]]>
    </line>
    <line>
      <![CDATA[2017-03-30 11:26:01 : [INFO] groups:1]]>
    </line>
    <line>
      <![CDATA[2017-03-30 11:26:05 : [INFO] 应用未登录，应先登录后再做退出测试]]>
    </line>
    <line>
      <![CDATA[2017-03-30 11:26:05 : [INFO] ******************************************************]]>
    </line>
    <line>
      <![CDATA[2017-03-30 11:26:30 : [INFO] groups:1]]>
    </line>
    <line>
      <![CDATA[2017-03-30 11:26:34 : [INFO] 应用未登录，应先登录后再做退出测试]]>
    </line>
    <line>
      <![CDATA[2017-03-30 11:26:34 : [STEP] [点击忘记密码] ]]>
    </line>
    <line>
      <![CDATA[2017-03-30 11:26:34 : [INFO] [点击 -> id: com.orvibo.homemate:id/forget_password_tv]]]>
    </line>
    <line>
      <![CDATA[2017-03-30 11:26:36 : [STEP] [返回到登录界面] ]]>
    </line>
    <line>
      <![CDATA[2017-03-30 11:26:37 : [STEP] [点击微信图标] ]]>
    </line>
    <line>
      <![CDATA[2017-03-30 11:26:37 : [INFO] [点击 -> id: com.orvibo.homemate:id/wechat_login]]]>
    </line>
    <line>
      <![CDATA[2017-03-30 11:26:41 : [STEP] [返回到登录界面] ]]>
    </line>
    <line>
      <![CDATA[2017-03-30 11:26:42 : [STEP] [点击QQ图标] ]]>
    </line>
    <line>
      <![CDATA[2017-03-30 11:26:42 : [INFO] [点击 -> id: com.orvibo.homemate:id/qq_login]]]>
    </line>
    <line>
      <![CDATA[2017-03-30 11:26:46 : [STEP] [Wait For Text Disappear : com.orvibo.homemate:id/login_btn] ]]>
    </line>
    <line>
      <![CDATA[2017-03-30 11:26:47 : [INFO] ******************************************************]]>
    </line>
    <line>
      <![CDATA[2017-03-30 11:27:13 : [INFO] groups:2]]>
    </line>
    <line>
      <![CDATA[2017-03-30 11:27:17 : [INFO] 应用未登录，应先登录后再做退出测试]]>
    </line>
    <line>
      <![CDATA[2017-03-30 11:27:17 : [INFO] 注册要使用的邮箱为：840432908@qq.com]]>
    </line>
    <line>
      <![CDATA[2017-03-30 11:27:21 : [STEP] [点击注册按扭] ]]>
    </line>
    <line>
      <![CDATA[2017-03-30 11:27:21 : [INFO] [点击 -> id: com.orvibo.homemate:id/register_tv]]]>
    </line>
    <line>
      <![CDATA[2017-03-30 11:27:22 : [STEP] [点击使用邮箱注册] ]]>
    </line>
    <line>
      <![CDATA[2017-03-30 11:27:22 : [INFO] [点击 -> id: com.orvibo.homemate:id/emailRegisterButton]]]>
    </line>
    <line>
      <![CDATA[2017-03-30 11:27:24 : [INFO] 输入邮箱帐号]]>
    </line>
    <line>
      <![CDATA[2017-03-30 11:27:29 : [INFO] 输入密码123456]]>
    </line>
    <line>
      <![CDATA[2017-03-30 11:27:36 : [STEP] [点击立即注册] ]]>
    </line>
    <line>
      <![CDATA[2017-03-30 11:27:36 : [INFO] [点击 -> id: com.orvibo.homemate:id/registerButton]]]>
    </line>
    <line>
      <![CDATA[2017-03-30 11:27:37 : [STEP] [点击继续注册] ]]>
    </line>
    <line>
      <![CDATA[2017-03-30 11:27:37 : [INFO] [点击 -> id: com.orvibo.homemate:id/rightButton]]]>
    </line>
    <line>
      <![CDATA[2017-03-30 11:27:43 : [STEP] [点击'我的'] ]]>
    </line>
    <line>
      <![CDATA[2017-03-30 11:27:43 : [INFO] [点击 -> -android uiautomator: text("我的")]]]>
    </line>
    <line>
      <![CDATA[2017-03-30 11:27:49 : [INFO] 已截图,图片名称为:r.png]]>
    </line>
    <line>
      <![CDATA[2017-03-30 11:27:49 : [INFO] 对比图片:F:\测试automation\orvibo_appiumtest\testdata\percompare.png与图片:BufferedImage@173b9122: type = 6 ColorModel: #pixelBits = 32 numComponents = 4 color space = java.awt.color.ICC_ColorSpace@142269f2 transparency = 3 has alpha = true isAlphaPre = false ByteInterleavedRaster: width = 1080 height = 1920 #numDataElements 4 dataOff[0] = 3的相似度]]>
    </line>
    <line>
      <![CDATA[2017-03-30 11:27:49 : [INFO] ******************************************************]]>
    </line>
    <line>
      <![CDATA[2017-03-30 11:28:15 : [INFO] groups:1]]>
    </line>
    <line>
      <![CDATA[2017-03-30 11:28:20 : [STEP] [点击'我的'] ]]>
    </line>
    <line>
      <![CDATA[2017-03-30 11:28:20 : [INFO] [点击 -> -android uiautomator: text("我的")]]]>
    </line>
    <line>
      <![CDATA[2017-03-30 11:28:21 : [STEP] [点击个人信息头像] ]]>
    </line>
    <line>
      <![CDATA[2017-03-30 11:28:21 : [INFO] [点击 -> id: com.orvibo.homemate:id/iv_personal_user_icon]]]>
    </line>
    <line>
      <![CDATA[2017-03-30 11:28:23 : [STEP] [点击退出登录] ]]>
    </line>
    <line>
      <![CDATA[2017-03-30 11:28:23 : [INFO] [点击 -> id: com.orvibo.homemate:id/userLogoutButton]]]>
    </line>
    <line>
      <![CDATA[2017-03-30 11:28:24 : [STEP] [提示框中点击确定] ]]>
    </line>
    <line>
      <![CDATA[2017-03-30 11:28:24 : [INFO] [点击 -> id: com.orvibo.homemate:id/rightButton]]]>
    </line>
    <line>
      <![CDATA[2017-03-30 11:28:27 : [STEP] [点击微博图标] ]]>
    </line>
    <line>
      <![CDATA[2017-03-30 11:28:27 : [INFO] [点击 -> id: com.orvibo.homemate:id/sina_login]]]>
    </line>
    <line>
      <![CDATA[2017-03-30 11:29:25 : [INFO] 成功比列:100]]>
    </line>
    <line>
      <![CDATA[2017-03-30 11:29:25 : [INFO] ******************************************************]]>
    </line>
    <line>
      <![CDATA[2017-03-30 11:32:15 : [INFO] 测试报告发送完成]]>
    </line>
  </reporter-output>
  <suite name="智家365" duration-ms="4458607" started-at="2017-03-30T02:17:58Z" finished-at="2017-03-30T03:32:17Z">
    <groups>
      <group name="登录界面">
        <method signature="SignIn.b_logff()[pri:0, instance:com.oribo.android365.testcase.SignIn@4ac3c60d]" name="b_logff" class="com.oribo.android365.testcase.SignIn"/>
        <method signature="SignIn.checkother()[pri:0, instance:com.oribo.android365.testcase.SignIn@4ac3c60d]" name="checkother" class="com.oribo.android365.testcase.SignIn"/>
        <method signature="SignIn.emailregister()[pri:0, instance:com.oribo.android365.testcase.SignIn@4ac3c60d]" name="emailregister" class="com.oribo.android365.testcase.SignIn"/>
        <method signature="SignIn.weibologging()[pri:0, instance:com.oribo.android365.testcase.SignIn@4ac3c60d]" name="weibologging" class="com.oribo.android365.testcase.SignIn"/>
      </group> <!-- 登录界面 -->
      <group name="意见反馈">
        <method signature="Personcenter.feedback()[pri:0, instance:com.oribo.android365.testcase.Personcenter@3911c2a7]" name="feedback" class="com.oribo.android365.testcase.Personcenter"/>
      </group> <!-- 意见反馈 -->
      <group name="情景">
        <method signature="PersoncenterWithdb.addscene()[pri:0, instance:com.oribo.android365.testcase.PersoncenterWithdb@1725dc0f]" name="addscene" class="com.oribo.android365.testcase.PersoncenterWithdb"/>
        <method signature="PersoncenterWithdb.editscene()[pri:0, instance:com.oribo.android365.testcase.PersoncenterWithdb@1725dc0f]" name="editscene" class="com.oribo.android365.testcase.PersoncenterWithdb"/>
      </group> <!-- 情景 -->
      <group name="个人信息">
        <method signature="Personcenter.Unboundauthorization()[pri:0, instance:com.oribo.android365.testcase.Personcenter@3911c2a7]" name="Unboundauthorization" class="com.oribo.android365.testcase.Personcenter"/>
        <method signature="Personcenter.about()[pri:0, instance:com.oribo.android365.testcase.Personcenter@3911c2a7]" name="about" class="com.oribo.android365.testcase.Personcenter"/>
        <method signature="Personcenter.authorization(java.lang.String, java.lang.String, java.lang.String, java.lang.String, java.lang.String, java.lang.String, java.lang.String, java.lang.String)[pri:0, instance:com.oribo.android365.testcase.Personcenter@3911c2a7]" name="authorization" class="com.oribo.android365.testcase.Personcenter"/>
        <method signature="Personcenter.authorizationentrance()[pri:0, instance:com.oribo.android365.testcase.Personcenter@3911c2a7]" name="authorizationentrance" class="com.oribo.android365.testcase.Personcenter"/>
        <method signature="Personcenter.bindinputcheck()[pri:0, instance:com.oribo.android365.testcase.Personcenter@3911c2a7]" name="bindinputcheck" class="com.oribo.android365.testcase.Personcenter"/>
        <method signature="Personcenter.checkaccount()[pri:0, instance:com.oribo.android365.testcase.Personcenter@3911c2a7]" name="checkaccount" class="com.oribo.android365.testcase.Personcenter"/>
        <method signature="Personcenter.checkbind()[pri:0, instance:com.oribo.android365.testcase.Personcenter@3911c2a7]" name="checkbind" class="com.oribo.android365.testcase.Personcenter"/>
        <method signature="Personcenter.feedback()[pri:0, instance:com.oribo.android365.testcase.Personcenter@3911c2a7]" name="feedback" class="com.oribo.android365.testcase.Personcenter"/>
        <method signature="Personcenter.forgetpassword()[pri:0, instance:com.oribo.android365.testcase.Personcenter@3911c2a7]" name="forgetpassword" class="com.oribo.android365.testcase.Personcenter"/>
        <method signature="Personcenter.nickNull()[pri:0, instance:com.oribo.android365.testcase.Personcenter@3911c2a7]" name="nickNull" class="com.oribo.android365.testcase.Personcenter"/>
        <method signature="Personcenter.nickmaxchina()[pri:0, instance:com.oribo.android365.testcase.Personcenter@3911c2a7]" name="nickmaxchina" class="com.oribo.android365.testcase.Personcenter"/>
[...]
            <line>
              <![CDATA[2017-03-30 11:16:38 : [STEP] [点击个人信息头像] ]]>
            </line>
            <line>
              <![CDATA[2017-03-30 11:16:38 : [INFO] [点击 -> id: com.orvibo.homemate:id/iv_personal_user_icon]]]>
            </line>
            <line>
              <![CDATA[2017-03-30 11:16:40 : [STEP] [点击退出登录] ]]>
            </line>
            <line>
              <![CDATA[2017-03-30 11:16:40 : [INFO] [点击 -> id: com.orvibo.homemate:id/userLogoutButton]]]>
            </line>
            <line>
              <![CDATA[2017-03-30 11:16:41 : [STEP] [提示框中点击确定] ]]>
            </line>
            <line>
              <![CDATA[2017-03-30 11:16:41 : [INFO] [点击 -> id: com.orvibo.homemate:id/rightButton]]]>
            </line>
            <line>
              <![CDATA[2017-03-30 11:16:43 : [INFO] 注册要使用的手机号为：13265784540]]>
            </line>
            <line>
              <![CDATA[2017-03-30 11:16:47 : [STEP] [点击注册按扭] ]]>
            </line>
            <line>
              <![CDATA[2017-03-30 11:16:47 : [INFO] [点击 -> id: com.orvibo.homemate:id/register_tv]]]>
            </line>
            <line>
              <![CDATA[2017-03-30 11:16:48 : [INFO] 轻触坐标: x = 800, y = 700]]>
            </line>
            <line>
              <![CDATA[2017-03-30 11:16:51 : [STEP] [返回至帐号注册界面] ]]>
            </line>
            <line>
              <![CDATA[2017-03-30 11:16:51 : [INFO] [点击 -> id: com.orvibo.homemate:id/left_iv]]]>
            </line>
            <line>
              <![CDATA[2017-03-30 11:16:55 : [STEP] [输入手机号] ]]>
            </line>
            <line>
              <![CDATA[2017-03-30 11:16:55 : [INFO] [输入字符 -> class name: android.widget.EditText]]]>
            </line>
            <line>
              <![CDATA[2017-03-30 11:17:01 : [STEP] [点击下一步] ]]>
            </line>
            <line>
              <![CDATA[2017-03-30 11:17:01 : [INFO] [点击 -> id: com.orvibo.homemate:id/nextButton]]]>
            </line>
            <line>
              <![CDATA[2017-03-30 11:24:57 : [INFO] 成功比列:100]]>
            </line>
          </reporter-output>
        </test-method> <!-- a_phoneregister -->
        <test-method status="PASS" signature="tearDown()[pri:0, instance:com.oribo.android365.testcase.SignIn@4ac3c60d]" name="tearDown" is-config="true" duration-ms="6909" started-at="2017-03-30T11:24:57Z" finished-at="2017-03-30T11:25:04Z">
          <reporter-output>
            <line>
              <![CDATA[2017-03-30 11:24:57 : [INFO] ******************************************************]]>
            </line>
          </reporter-output>
        </test-method> <!-- tearDown -->
        <test-method status="PASS" signature="beforeMethod()[pri:0, instance:com.oribo.android365.testcase.SignIn@4ac3c60d]" name="beforeMethod" is-config="true" duration-ms="57733" started-at="2017-03-30T11:25:04Z" finished-at="2017-03-30T11:26:01Z">
          <reporter-output>
          </reporter-output>
        </test-method> <!-- beforeMethod -->
        <test-method status="PASS" signature="b_logff()[pri:0, instance:com.oribo.android365.testcase.SignIn@4ac3c60d]" name="b_logff" duration-ms="3718" started-at="2017-03-30T11:26:01Z" finished-at="2017-03-30T11:26:05Z">
          <reporter-output>
            <line>
              <![CDATA[2017-03-30 11:26:01 : [INFO] groups:1]]>
            </line>
            <line>
              <![CDATA[2017-03-30 11:26:05 : [INFO] 应用未登录，应先登录后再做退出测试]]>
            </line>
          </reporter-output>
        </test-method> <!-- b_logff -->
        <test-method status="PASS" signature="tearDown()[pri:0, instance:com.oribo.android365.testcase.SignIn@4ac3c60d]" name="tearDown" is-config="true" duration-ms="5941" started-at="2017-03-30T11:26:05Z" finished-at="2017-03-30T11:26:11Z">
          <reporter-output>
            <line>
              <![CDATA[2017-03-30 11:26:05 : [INFO] ******************************************************]]>
            </line>
          </reporter-output>
        </test-method> <!-- tearDown -->
        <test-method status="PASS" signature="beforeMethod()[pri:0, instance:com.oribo.android365.testcase.SignIn@4ac3c60d]" name="beforeMethod" is-config="true" duration-ms="18559" started-at="2017-03-30T11:26:11Z" finished-at="2017-03-30T11:26:30Z">
          <reporter-output>
          </reporter-output>
        </test-method> <!-- beforeMethod -->
        <test-method status="PASS" signature="checkother()[pri:0, instance:com.oribo.android365.testcase.SignIn@4ac3c60d]" name="checkother" duration-ms="17722" started-at="2017-03-30T11:26:30Z" finished-at="2017-03-30T11:26:47Z">
          <reporter-output>
            <line>
              <![CDATA[2017-03-30 11:26:30 : [INFO] groups:1]]>
            </line>
            <line>
              <![CDATA[2017-03-30 11:26:34 : [INFO] 应用未登录，应先登录后再做退出测试]]>
            </line>
            <line>
              <![CDATA[2017-03-30 11:26:34 : [STEP] [点击忘记密码] ]]>
            </line>
            <line>
              <![CDATA[2017-03-30 11:26:34 : [INFO] [点击 -> id: com.orvibo.homemate:id/forget_password_tv]]]>
            </line>
            <line>
              <![CDATA[2017-03-30 11:26:36 : [STEP] [返回到登录界面] ]]>
            </line>
            <line>
              <![CDATA[2017-03-30 11:26:37 : [STEP] [点击微信图标] ]]>
            </line>
            <line>
              <![CDATA[2017-03-30 11:26:37 : [INFO] [点击 -> id: com.orvibo.homemate:id/wechat_login]]]>
            </line>
            <line>
              <![CDATA[2017-03-30 11:26:41 : [STEP] [返回到登录界面] ]]>
            </line>
            <line>
              <![CDATA[2017-03-30 11:26:42 : [STEP] [点击QQ图标] ]]>
            </line>
            <line>
              <![CDATA[2017-03-30 11:26:42 : [INFO] [点击 -> id: com.orvibo.homemate:id/qq_login]]]>
            </line>
            <line>
              <![CDATA[2017-03-30 11:26:46 : [STEP] [Wait For Text Disappear : com.orvibo.homemate:id/login_btn] ]]>
            </line>
          </reporter-output>
        </test-method> <!-- checkother -->
        <test-method status="PASS" signature="tearDown()[pri:0, instance:com.oribo.android365.testcase.SignIn@4ac3c60d]" name="tearDown" is-config="true" duration-ms="6118" started-at="2017-03-30T11:26:47Z" finished-at="2017-03-30T11:26:53Z">
          <reporter-output>
            <line>
              <![CDATA[2017-03-30 11:26:47 : [INFO] ******************************************************]]>
            </line>
          </reporter-output>
        </test-method> <!-- tearDown -->
        <test-method status="PASS" signature="beforeMethod()[pri:0, instance:com.oribo.android365.testcase.SignIn@4ac3c60d]" name="beforeMethod" is-config="true" duration-ms="19777" started-at="2017-03-30T11:26:53Z" finished-at="2017-03-30T11:27:13Z">
          <reporter-output>
          </reporter-output>
        </test-method> <!-- beforeMethod -->
        <test-method status="PASS" signature="emailregister()[pri:0, instance:com.oribo.android365.testcase.SignIn@4ac3c60d]" name="emailregister" duration-ms="35848" started-at="2017-03-30T11:27:13Z" finished-at="2017-03-30T11:27:49Z">
          <reporter-output>
            <line>
              <![CDATA[2017-03-30 11:27:13 : [INFO] groups:2]]>
            </line>
            <line>
              <![CDATA[2017-03-30 11:27:17 : [INFO] 应用未登录，应先登录后再做退出测试]]>
            </line>
            <line>
              <![CDATA[2017-03-30 11:27:17 : [INFO] 注册要使用的邮箱为：840432908@qq.com]]>
            </line>
            <line>
              <![CDATA[2017-03-30 11:27:21 : [STEP] [点击注册按扭] ]]>
            </line>
            <line>
              <![CDATA[2017-03-30 11:27:21 : [INFO] [点击 -> id: com.orvibo.homemate:id/register_tv]]]>
            </line>
            <line>
              <![CDATA[2017-03-30 11:27:22 : [STEP] [点击使用邮箱注册] ]]>
            </line>
            <line>
              <![CDATA[2017-03-30 11:27:22 : [INFO] [点击 -> id: com.orvibo.homemate:id/emailRegisterButton]]]>
            </line>
            <line>
              <![CDATA[2017-03-30 11:27:24 : [INFO] 输入邮箱帐号]]>
            </line>
            <line>
              <![CDATA[2017-03-30 11:27:29 : [INFO] 输入密码123456]]>
            </line>
            <line>
              <![CDATA[2017-03-30 11:27:36 : [STEP] [点击立即注册] ]]>
            </line>
            <line>
              <![CDATA[2017-03-30 11:27:36 : [INFO] [点击 -> id: com.orvibo.homemate:id/registerButton]]]>
            </line>
            <line>
              <![CDATA[2017-03-30 11:27:37 : [STEP] [点击继续注册] ]]>
            </line>
            <line>
              <![CDATA[2017-03-30 11:27:37 : [INFO] [点击 -> id: com.orvibo.homemate:id/rightButton]]]>
            </line>
            <line>
              <![CDATA[2017-03-30 11:27:43 : [STEP] [点击'我的'] ]]>
            </line>
            <line>
              <![CDATA[2017-03-30 11:27:43 : [INFO] [点击 -> -android uiautomator: text("我的")]]]>
            </line>
            <line>
              <![CDATA[2017-03-30 11:27:49 : [INFO] 已截图,图片名称为:r.png]]>
            </line>
            <line>
              <![CDATA[2017-03-30 11:27:49 : [INFO] 对比图片:F:\测试automation\orvibo_appiumtest\testdata\percompare.png与图片:BufferedImage@173b9122: type = 6 ColorModel: #pixelBits = 32 numComponents = 4 color space = java.awt.color.ICC_ColorSpace@142269f2 transparency = 3 has alpha = true isAlphaPre = false ByteInterleavedRaster: width = 1080 height = 1920 #numDataElements 4 dataOff[0] = 3的相似度]]>
            </line>
          </reporter-output>
        </test-method> <!-- emailregister -->
        <test-method status="PASS" signature="tearDown()[pri:0, instance:com.oribo.android365.testcase.SignIn@4ac3c60d]" name="tearDown" is-config="true" duration-ms="5602" started-at="2017-03-30T11:27:49Z" finished-at="2017-03-30T11:27:55Z">
          <reporter-output>
            <line>
              <![CDATA[2017-03-30 11:27:49 : [INFO] ******************************************************]]>
            </line>
          </reporter-output>
        </test-method> <!-- tearDown -->
        <test-method status="PASS" signature="beforeMethod()[pri:0, instance:com.oribo.android365.testcase.SignIn@4ac3c60d]" name="beforeMethod" is-config="true" duration-ms="20597" started-at="2017-03-30T11:27:55Z" finished-at="2017-03-30T11:28:15Z">
          <reporter-output>
          </reporter-output>
        </test-method> <!-- beforeMethod -->
        <test-method status="FAIL" signature="weibologging()[pri:0, instance:com.oribo.android365.testcase.SignIn@4ac3c60d]" name="weibologging" duration-ms="44597" started-at="2017-03-30T11:28:15Z" finished-at="2017-03-30T11:29:00Z">
          <exception class="org.openqa.selenium.NoSuchElementException">
            <message>
              <![CDATA[An element could not be located on the page using the given search parameters. (WARNING: The server did not provide any stacktrace information)
Command duration or timeout: 30.50 seconds
For documentation on this error, please visit: http://seleniumhq.org/exceptions/no_such_element.html
Build info: version: '2.52.0', revision: '4c2593c', time: '2016-02-11 19:06:42'
System info: host: 'test', ip: '192.168.4.232', os.name: 'Windows 8.1', os.arch: 'amd64', os.version: '6.3', java.version: '1.8.0_31'
Driver info: io.appium.java_client.android.AndroidDriver
Capabilities [{appPackage=com.orvibo.homemate, noReset=true, deviceName=492c754e, platform=LINUX, deviceUDID=492c754e, desired={app=F:\测试automation\orvibo_appiumtest\apps\HomeMate 2.3.0.300.apk, appPackage=com.orvibo.homemate, noReset=true, deviceName=Android Emulator, appActivity=com.orvibo.homemate.common.launch.LaunchActivity, platformVersion=6.0.1, browserName=, unicodeKeyboard=true, sessionOverride=true, platformName=Android, udid=492c754e, device=Selendroid, resetKeyboard=true}, platformVersion=6.0.1, webStorageEnabled=false, takesScreenshot=true, browserName=, javascriptEnabled=true, unicodeKeyboard=true, platformName=Android, udid=492c754e, deviceManufacturer=Xiaomi, resetKeyboard=true, app=F:\测试automation\orvibo_appiumtest\apps\HomeMate 2.3.0.300.apk, deviceScreenSize=1080x1920, networkConnectionEnabled=true, warnings={}, databaseEnabled=false, appActivity=com.orvibo.homemate.common.launch.LaunchActivity, locationContextEnabled=false, deviceModel=MI NOTE LTE, sessionOverride=true, device=Selendroid}]
Session ID: c305e63c-6588-4e80-875d-585cc33be5db
*** Element info: {Using=id, value=com.orvibo.homemate:id/roomTextView}]]>
            </message>
            <full-stacktrace>
              <![CDATA[org.openqa.selenium.NoSuchElementException: An element could not be located on the page using the given search parameters. (WARNING: The server did not provide any stacktrace information)
Command duration or timeout: 30.50 seconds
For documentation on this error, please visit: http://seleniumhq.org/exceptions/no_such_element.html
Build info: version: '2.52.0', revision: '4c2593c', time: '2016-02-11 19:06:42'
System info: host: 'test', ip: '192.168.4.232', os.name: 'Windows 8.1', os.arch: 'amd64', os.version: '6.3', java.version: '1.8.0_31'
Driver info: io.appium.java_client.android.AndroidDriver
Capabilities [{appPackage=com.orvibo.homemate, noReset=true, deviceName=492c754e, platform=LINUX, deviceUDID=492c754e, desired={app=F:\测试automation\orvibo_appiumtest\apps\HomeMate 2.3.0.300.apk, appPackage=com.orvibo.homemate, noReset=true, deviceName=Android Emulator, appActivity=com.orvibo.homemate.common.launch.LaunchActivity, platformVersion=6.0.1, browserName=, unicodeKeyboard=true, sessionOverride=true, platformName=Android, udid=492c754e, device=Selendroid, resetKeyboard=true}, platformVersion=6.0.1, webStorageEnabled=false, takesScreenshot=true, browserName=, javascriptEnabled=true, unicodeKeyboard=true, platformName=Android, udid=492c754e, deviceManufacturer=Xiaomi, resetKeyboard=true, app=F:\测试automation\orvibo_appiumtest\apps\HomeMate 2.3.0.300.apk, deviceScreenSize=1080x1920, networkConnectionEnabled=true, warnings={}, databaseEnabled=false, appActivity=com.orvibo.homemate.common.launch.LaunchActivity, locationContextEnabled=false, deviceModel=MI NOTE LTE, sessionOverride=true, device=Selendroid}]
Session ID: c305e63c-6588-4e80-875d-585cc33be5db
*** Element info: {Using=id, value=com.orvibo.homemate:id/roomTextView}
	at sun.reflect.GeneratedConstructorAccessor109.newInstance(Unknown Source)
	at sun.reflect.DelegatingConstructorAccessorImpl.newInstance(Unknown Source)
	at java.lang.reflect.Constructor.newInstance(Unknown Source)
	at org.openqa.selenium.remote.ErrorHandler.createThrowable(ErrorHandler.java:206)
	at org.openqa.selenium.remote.ErrorHandler.throwIfResponseFailed(ErrorHandler.java:158)
	at org.openqa.selenium.remote.RemoteWebDriver.execute(RemoteWebDriver.java:678)
	at io.appium.java_client.DefaultGenericMobileDriver.execute(DefaultGenericMobileDriver.java:42)
	at io.appium.java_client.AppiumDriver.execute(AppiumDriver.java:1)
	at io.appium.java_client.android.AndroidDriver.execute(AndroidDriver.java:1)
	at org.openqa.selenium.remote.RemoteWebDriver.findElement(RemoteWebDriver.java:363)
	at io.appium.java_client.DefaultGenericMobileDriver.findElement(DefaultGenericMobileDriver.java:62)
	at io.appium.java_client.AppiumDriver.findElement(AppiumDriver.java:1)
	at io.appium.java_client.android.AndroidDriver.findElement(AndroidDriver.java:1)
	at org.openqa.selenium.remote.RemoteWebDriver.findElementById(RemoteWebDriver.java:413)
	at io.appium.java_client.DefaultGenericMobileDriver.findElementById(DefaultGenericMobileDriver.java:70)
	at io.appium.java_client.AppiumDriver.findElementById(AppiumDriver.java:1)
	at io.appium.java_client.android.AndroidDriver.findElementById(AndroidDriver.java:1)
	at org.openqa.selenium.By$ById.findElement(By.java:218)
	at org.openqa.selenium.remote.RemoteWebDriver.findElement(RemoteWebDriver.java:355)
	at io.appium.java_client.DefaultGenericMobileDriver.findElement(DefaultGenericMobileDriver.java:58)
	at io.appium.java_client.AppiumDriver.findElement(AppiumDriver.java:1)
	at io.appium.java_client.android.AndroidDriver.findElement(AndroidDriver.java:1)
	at com.oribo.android365.testcase.SignIn.weibologging(SignIn.java:174)
	at sun.reflect.NativeMethodAccessorImpl.invoke0(Native Method)
	at sun.reflect.NativeMethodAccessorImpl.invoke(Unknown Source)
	at sun.reflect.DelegatingMethodAccessorImpl.invoke(Unknown Source)
	at java.lang.reflect.Method.invoke(Unknown Source)
	at org.testng.internal.MethodInvocationHelper.invokeMethod(MethodInvocationHelper.java:104)
	at org.testng.internal.Invoker.invokeMethod(Invoker.java:645)
	at org.testng.internal.Invoker.invokeTestMethod(Invoker.java:851)
	at org.testng.internal.Invoker.invokeTestMethods(Invoker.java:1177)
	at org.testng.internal.TestMethodWorker.invokeTestMethods(TestMethodWorker.java:129)
	at org.testng.internal.TestMethodWorker.run(TestMethodWorker.java:112)
	at org.testng.TestRunner.privateRun(TestRunner.java:756)
	at org.testng.TestRunner.run(TestRunner.java:610)
	at org.testng.SuiteRunner.runTest(SuiteRunner.java:387)
	at org.testng.SuiteRunner.runSequentially(SuiteRunner.java:382)
	at org.testng.SuiteRunner.privateRun(SuiteRunner.java:340)
	at org.testng.SuiteRunner.run(SuiteRunner.java:289)
	at org.testng.SuiteRunnerWorker.runSuite(SuiteRunnerWorker.java:52)
	at org.testng.SuiteRunnerWorker.run(SuiteRunnerWorker.java:86)
	at org.testng.TestNG.runSuitesSequentially(TestNG.java:1293)
	at org.testng.TestNG.runSuitesLocally(TestNG.java:1218)
	at org.testng.TestNG.runSuites(TestNG.java:1133)
	at org.testng.TestNG.run(TestNG.java:1104)
	at org.testng.remote.AbstractRemoteTestNG.run(AbstractRemoteTestNG.java:132)
	at org.testng.remote.RemoteTestNG.initAndRun(RemoteTestNG.java:236)
	at org.testng.remote.RemoteTestNG.main(RemoteTestNG.java:81)
]]>
            </full-stacktrace>
          </exception> <!-- org.openqa.selenium.NoSuchElementException -->
          <reporter-output>
            <line>
              <![CDATA[2017-03-30 11:28:15 : [INFO] groups:1]]>
            </line>
            <line>
              <![CDATA[2017-03-30 11:28:20 : [STEP] [点击'我的'] ]]>
            </line>
            <line>
              <![CDATA[2017-03-30 11:28:20 : [INFO] [点击 -> -android uiautomator: text("我的")]]]>
            </line>
            <line>
              <![CDATA[2017-03-30 11:28:21 : [STEP] [点击个人信息头像] ]]>
            </line>
            <line>
              <![CDATA[2017-03-30 11:28:21 : [INFO] [点击 -> id: com.orvibo.homemate:id/iv_personal_user_icon]]]>
            </line>
            <line>
              <![CDATA[2017-03-30 11:28:23 : [STEP] [点击退出登录] ]]>
            </line>
            <line>
              <![CDATA[2017-03-30 11:28:23 : [INFO] [点击 -> id: com.orvibo.homemate:id/userLogoutButton]]]>
            </line>
            <line>
              <![CDATA[2017-03-30 11:28:24 : [STEP] [提示框中点击确定] ]]>
            </line>
            <line>
              <![CDATA[2017-03-30 11:28:24 : [INFO] [点击 -> id: com.orvibo.homemate:id/rightButton]]]>
            </line>
            <line>
              <![CDATA[2017-03-30 11:28:27 : [STEP] [点击微博图标] ]]>
            </line>
            <line>
              <![CDATA[2017-03-30 11:28:27 : [INFO] [点击 -> id: com.orvibo.homemate:id/sina_login]]]>
            </line>
            <line>
              <![CDATA[2017-03-30 11:29:25 : [INFO] 成功比列:100]]>
            </line>
          </reporter-output>
        </test-method> <!-- weibologging -->
        <test-method status="PASS" signature="tearDown()[pri:0, instance:com.oribo.android365.testcase.SignIn@4ac3c60d]" name="tearDown" is-config="true" duration-ms="6018" started-at="2017-03-30T11:29:25Z" finished-at="2017-03-30T11:29:31Z">
          <reporter-output>
            <line>
              <![CDATA[2017-03-30 11:29:25 : [INFO] ******************************************************]]>
            </line>
          </reporter-output>
        </test-method> <!-- tearDown -->
      </class> <!-- com.oribo.android365.testcase.SignIn -->
    </test> <!-- init -->
  </suite> <!-- 智家365 -->
</testng-results>
