<?xml version="1.0" encoding="UTF-8"?>
<!-- Generated by org.testng.reporters.JUnitReportReporter -->
<testsuite name="com.oribo.android365.testcase.Personcenter" tests="32" time="1630.788" ignored="4" failures="2" timestamp="01 三月 2017 05:11:36 GMT" skipped="9" hostname="test" errors="2">
  <testcase name="Unboundauthorization" time="37.460" classname="com.oribo.android365.testcase.Personcenter"/>
  <testcase name="CheckDeleteHost" time="0.000" classname="com.oribo.android365.testcase.Personcenter">
    <skipped/>
  </testcase> <!-- CheckDeleteHost -->
  <testcase name="authorizationentrance" time="41.273" classname="com.oribo.android365.testcase.Personcenter"/>
  <testcase name="notphonenumber" time="45.396" classname="com.oribo.android365.testcase.Personcenter"/>
  <testcase name="feedback" time="56.025" classname="com.oribo.android365.testcase.Personcenter">
    <error type="org.openqa.selenium.NoSuchElementException" message="no such element: Unable to locate element: {&quot;method&quot;:&quot;xpath&quot;,&quot;selector&quot;:&quot;//*[@id=&quot;img-selector&quot;]/div[2]/div[1]&quot;}
  (Session info: chrome=55.0.2883.91)
  (Driver info: chromedriver=2.26.436362 (5476ec6bf7ccbada1734a0cdec7d570bb042aa30),platform=Windows NT 10.0.14393 x86_64) (WARNING: The server did not provide any stacktrace information)
Command duration or timeout: 155 milliseconds
For documentation on this error, please visit: http://seleniumhq.org/exceptions/no_such_element.html
Build info: version: &#039;2.52.0&#039;, revision: &#039;4c2593c&#039;, time: &#039;2016-02-11 19:06:42&#039;
System info: host: &#039;test&#039;, ip: &#039;192.168.18.223&#039;, os.name: &#039;Windows 8.1&#039;, os.arch: &#039;amd64&#039;, os.version: &#039;6.3&#039;, java.version: &#039;1.8.0_31&#039;
Driver info: io.appium.java_client.android.AndroidDriver
Capabilities [{appPackage=com.orvibo.homemate, noReset=true, deviceName=492c754e, platform=LINUX, deviceUDID=492c754e, desired={appPackage=com.orvibo.homemate, appActivity=com.orvibo.homemate.common.launch.LaunchActivity, noReset=true, platformVersion=6.0.1, browserName=, unicodeKeyboard=true, sessionOverride=true, platformName=Android, udid=492c754e, deviceName=Android Emulator, device=Selendroid, resetKeyboard=true}, platformVersion=6.0.1, webStorageEnabled=false, takesScreenshot=true, browserName=, javascriptEnabled=true, unicodeKeyboard=true, platformName=Android, udid=492c754e, deviceManufacturer=Xiaomi, resetKeyboard=true, deviceScreenSize=1080x1920, networkConnectionEnabled=true, warnings={}, databaseEnabled=false, appActivity=com.orvibo.homemate.common.launch.LaunchActivity, locationContextEnabled=false, deviceModel=MI NOTE LTE, sessionOverride=true, device=Selendroid}]
Session ID: 42646c42-26e5-4554-8125-28275e3185ac
*** Element info: {Using=xpath, value=//*[@id=&quot;img-selector&quot;]/div[2]/div[1]}">
      <![CDATA[org.openqa.selenium.NoSuchElementException: no such element: Unable to locate element: {"method":"xpath","selector":"//*[@id="img-selector"]/div[2]/div[1]"}
  (Session info: chrome=55.0.2883.91)
  (Driver info: chromedriver=2.26.436362 (5476ec6bf7ccbada1734a0cdec7d570bb042aa30),platform=Windows NT 10.0.14393 x86_64) (WARNING: The server did not provide any stacktrace information)
Command duration or timeout: 155 milliseconds
For documentation on this error, please visit: http://seleniumhq.org/exceptions/no_such_element.html
Build info: version: '2.52.0', revision: '4c2593c', time: '2016-02-11 19:06:42'
System info: host: 'test', ip: '192.168.18.223', os.name: 'Windows 8.1', os.arch: 'amd64', os.version: '6.3', java.version: '1.8.0_31'
Driver info: io.appium.java_client.android.AndroidDriver
Capabilities [{appPackage=com.orvibo.homemate, noReset=true, deviceName=492c754e, platform=LINUX, deviceUDID=492c754e, desired={appPackage=com.orvibo.homemate, appActivity=com.orvibo.homemate.common.launch.LaunchActivity, noReset=true, platformVersion=6.0.1, browserName=, unicodeKeyboard=true, sessionOverride=true, platformName=Android, udid=492c754e, deviceName=Android Emulator, device=Selendroid, resetKeyboard=true}, platformVersion=6.0.1, webStorageEnabled=false, takesScreenshot=true, browserName=, javascriptEnabled=true, unicodeKeyboard=true, platformName=Android, udid=492c754e, deviceManufacturer=Xiaomi, resetKeyboard=true, deviceScreenSize=1080x1920, networkConnectionEnabled=true, warnings={}, databaseEnabled=false, appActivity=com.orvibo.homemate.common.launch.LaunchActivity, locationContextEnabled=false, deviceModel=MI NOTE LTE, sessionOverride=true, device=Selendroid}]
Session ID: 42646c42-26e5-4554-8125-28275e3185ac
*** Element info: {Using=xpath, value=//*[@id="img-selector"]/div[2]/div[1]}
	at sun.reflect.NativeConstructorAccessorImpl.newInstance0(Native Method)
	at sun.reflect.NativeConstructorAccessorImpl.newInstance(Unknown Source)
	at sun.reflect.DelegatingConstructorAccessorImpl.newInstance(Unknown Source)
	at java.lang.reflect.Constructor.newInstance(Unknown Source)
	at org.openqa.selenium.remote.ErrorHandler.createThrowable(ErrorHandler.java:206)
	at org.openqa.selenium.remote.ErrorHandler.throwIfResponseFailed(ErrorHandler.java:158)
	at org.openqa.selenium.remote.RemoteWebDriver.execute(RemoteWebDriver.java:678)
	at io.appium.java_client.DefaultGenericMobileDriver.execute(DefaultGenericMobileDriver.java:42)
	at io.appium.java_client.AppiumDriver.execute(AppiumDriver.java:1)
	at io.appium.java_client.android.AndroidDriver.execute(AndroidDriver.java:1)
	at org.openqa.selenium.remote.RemoteWebDriver.findElement(RemoteWebDriver.java:363)
	at org.openqa.selenium.remote.RemoteWebDriver.findElementByXPath(RemoteWebDriver.java:500)
	at io.appium.java_client.DefaultGenericMobileDriver.findElementByXPath(DefaultGenericMobileDriver.java:132)
	at io.appium.java_client.AppiumDriver.findElementByXPath(AppiumDriver.java:1)
	at io.appium.java_client.android.AndroidDriver.findElementByXPath(AndroidDriver.java:1)
	at org.openqa.selenium.By$ByXPath.findElement(By.java:361)
	at org.openqa.selenium.remote.RemoteWebDriver.findElement(RemoteWebDriver.java:355)
	at io.appium.java_client.DefaultGenericMobileDriver.findElement(DefaultGenericMobileDriver.java:52)
	at io.appium.java_client.AppiumDriver.findElement(AppiumDriver.java:1)
	at io.appium.java_client.android.AndroidDriver.findElement(AndroidDriver.java:1)
	at com.oribo.android365.testcase.Personcenter.feedback(Personcenter.java:1216)
	at sun.reflect.NativeMethodAccessorImpl.invoke0(Native Method)
	at sun.reflect.NativeMethodAccessorImpl.invoke(Unknown Source)
	at sun.reflect.DelegatingMethodAccessorImpl.invoke(Unknown Source)
	at java.lang.reflect.Method.invoke(Unknown Source)
	at org.testng.internal.MethodInvocationHelper.invokeMethod(MethodInvocationHelper.java:104)
	at org.testng.internal.Invoker.invokeMethod(Invoker.java:645)
	at org.testng.internal.Invoker.invokeTestMethod(Invoker.java:851)
	at org.testng.internal.Invoker.invokeTestMethods(Invoker.java:1177)
	at org.testng.internal.TestMethodWorker.invokeTestMethods(TestMethodWorker.java:129)
	at org.testng.internal.TestMethodWorker.run(TestMethodWorker.java:112)
	at org.testng.TestRunner.privateRun(TestRunner.java:756)
	at org.testng.TestRunner.run(TestRunner.java:610)
	at org.testng.SuiteRunner.runTest(SuiteRunner.java:387)
	at org.testng.SuiteRunner.runSequentially(SuiteRunner.java:382)
	at org.testng.SuiteRunner.privateRun(SuiteRunner.java:340)
	at org.testng.SuiteRunner.run(SuiteRunner.java:289)
	at org.testng.SuiteRunnerWorker.runSuite(SuiteRunnerWorker.java:52)
	at org.testng.SuiteRunnerWorker.run(SuiteRunnerWorker.java:86)
	at org.testng.TestNG.runSuitesSequentially(TestNG.java:1293)
	at org.testng.TestNG.runSuitesLocally(TestNG.java:1218)
	at org.testng.TestNG.runSuites(TestNG.java:1133)
	at org.testng.TestNG.run(TestNG.java:1104)
	at org.testng.remote.AbstractRemoteTestNG.run(AbstractRemoteTestNG.java:132)
	at org.testng.remote.RemoteTestNG.initAndRun(RemoteTestNG.java:236)
	at org.testng.remote.RemoteTestNG.main(RemoteTestNG.java:81)
]]>
    </error>
  </testcase> <!-- feedback -->
  <testcase name="rightaccountnext" time="45.952" classname="com.oribo.android365.testcase.Personcenter">
    <failure type="java.lang.AssertionError" message="expected [true] but found [false]">
      <![CDATA[java.lang.AssertionError: expected [true] but found [false]
	at org.testng.Assert.fail(Assert.java:94)
	at org.testng.Assert.failNotEquals(Assert.java:513)
	at org.testng.Assert.assertTrue(Assert.java:42)
	at org.testng.Assert.assertTrue(Assert.java:52)
	at com.oribo.common.AppOperate.exitElement(AppOperate.java:72)
	at com.oribo.android365.testcase.Personcenter.rightaccountnext(Personcenter.java:537)
	at sun.reflect.NativeMethodAccessorImpl.invoke0(Native Method)
	at sun.reflect.NativeMethodAccessorImpl.invoke(Unknown Source)
	at sun.reflect.DelegatingMethodAccessorImpl.invoke(Unknown Source)
	at java.lang.reflect.Method.invoke(Unknown Source)
	at org.testng.internal.MethodInvocationHelper.invokeMethod(MethodInvocationHelper.java:104)
	at org.testng.internal.Invoker.invokeMethod(Invoker.java:645)
	at org.testng.internal.Invoker.invokeTestMethod(Invoker.java:851)
	at org.testng.internal.Invoker.invokeTestMethods(Invoker.java:1177)
	at org.testng.internal.TestMethodWorker.invokeTestMethods(TestMethodWorker.java:129)
	at org.testng.internal.TestMethodWorker.run(TestMethodWorker.java:112)
	at org.testng.TestRunner.privateRun(TestRunner.java:756)
	at org.testng.TestRunner.run(TestRunner.java:610)
	at org.testng.SuiteRunner.runTest(SuiteRunner.java:387)
	at org.testng.SuiteRunner.runSequentially(SuiteRunner.java:382)
	at org.testng.SuiteRunner.privateRun(SuiteRunner.java:340)
	at org.testng.SuiteRunner.run(SuiteRunner.java:289)
	at org.testng.SuiteRunnerWorker.runSuite(SuiteRunnerWorker.java:52)
	at org.testng.SuiteRunnerWorker.run(SuiteRunnerWorker.java:86)
	at org.testng.TestNG.runSuitesSequentially(TestNG.java:1293)
	at org.testng.TestNG.runSuitesLocally(TestNG.java:1218)
	at org.testng.TestNG.runSuites(TestNG.java:1133)
	at org.testng.TestNG.run(TestNG.java:1104)
	at org.testng.remote.AbstractRemoteTestNG.run(AbstractRemoteTestNG.java:132)
	at org.testng.remote.RemoteTestNG.initAndRun(RemoteTestNG.java:236)
	at org.testng.remote.RemoteTestNG.main(RemoteTestNG.java:81)
]]>
    </failure>
  </testcase> <!-- rightaccountnext -->
  <testcase name="CheckMyHub" time="55.714" classname="com.oribo.android365.testcase.Personcenter">
    <error type="org.openqa.selenium.NoSuchElementException" message="An element could not be located on the page using the given search parameters. (WARNING: The server did not provide any stacktrace information)
Command duration or timeout: 20.13 seconds
For documentation on this error, please visit: http://seleniumhq.org/exceptions/no_such_element.html
Build info: version: &#039;2.52.0&#039;, revision: &#039;4c2593c&#039;, time: &#039;2016-02-11 19:06:42&#039;
System info: host: &#039;test&#039;, ip: &#039;192.168.18.223&#039;, os.name: &#039;Windows 8.1&#039;, os.arch: &#039;amd64&#039;, os.version: &#039;6.3&#039;, java.version: &#039;1.8.0_31&#039;
Driver info: io.appium.java_client.android.AndroidDriver
Capabilities [{appPackage=com.orvibo.homemate, noReset=true, deviceName=492c754e, platform=LINUX, deviceUDID=492c754e, desired={appPackage=com.orvibo.homemate, appActivity=com.orvibo.homemate.common.launch.LaunchActivity, noReset=true, platformVersion=6.0.1, browserName=, unicodeKeyboard=true, sessionOverride=true, platformName=Android, udid=492c754e, deviceName=Android Emulator, device=Selendroid, resetKeyboard=true}, platformVersion=6.0.1, webStorageEnabled=false, takesScreenshot=true, browserName=, javascriptEnabled=true, unicodeKeyboard=true, platformName=Android, udid=492c754e, deviceManufacturer=Xiaomi, resetKeyboard=true, deviceScreenSize=1080x1920, networkConnectionEnabled=true, warnings={}, databaseEnabled=false, appActivity=com.orvibo.homemate.common.launch.LaunchActivity, locationContextEnabled=false, deviceModel=MI NOTE LTE, sessionOverride=true, device=Selendroid}]
Session ID: 79f464e7-941a-4cab-9a76-e4046ac6a510
*** Element info: {Using=-android uiautomator, value=text(&quot;我的主机&quot;)}">
      <![CDATA[org.openqa.selenium.NoSuchElementException: An element could not be located on the page using the given search parameters. (WARNING: The server did not provide any stacktrace information)
Command duration or timeout: 20.13 seconds
For documentation on this error, please visit: http://seleniumhq.org/exceptions/no_such_element.html
Build info: version: '2.52.0', revision: '4c2593c', time: '2016-02-11 19:06:42'
System info: host: 'test', ip: '192.168.18.223', os.name: 'Windows 8.1', os.arch: 'amd64', os.version: '6.3', java.version: '1.8.0_31'
Driver info: io.appium.java_client.android.AndroidDriver
Capabilities [{appPackage=com.orvibo.homemate, noReset=true, deviceName=492c754e, platform=LINUX, deviceUDID=492c754e, desired={appPackage=com.orvibo.homemate, appActivity=com.orvibo.homemate.common.launch.LaunchActivity, noReset=true, platformVersion=6.0.1, browserName=, unicodeKeyboard=true, sessionOverride=true, platformName=Android, udid=492c754e, deviceName=Android Emulator, device=Selendroid, resetKeyboard=true}, platformVersion=6.0.1, webStorageEnabled=false, takesScreenshot=true, browserName=, javascriptEnabled=true, unicodeKeyboard=true, platformName=Android, udid=492c754e, deviceManufacturer=Xiaomi, resetKeyboard=true, deviceScreenSize=1080x1920, networkConnectionEnabled=true, warnings={}, databaseEnabled=false, appActivity=com.orvibo.homemate.common.launch.LaunchActivity, locationContextEnabled=false, deviceModel=MI NOTE LTE, sessionOverride=true, device=Selendroid}]
Session ID: 79f464e7-941a-4cab-9a76-e4046ac6a510
*** Element info: {Using=-android uiautomator, value=text("我的主机")}
	at sun.reflect.NativeConstructorAccessorImpl.newInstance0(Native Method)
	at sun.reflect.NativeConstructorAccessorImpl.newInstance(Unknown Source)
	at sun.reflect.DelegatingConstructorAccessorImpl.newInstance(Unknown Source)
	at java.lang.reflect.Constructor.newInstance(Unknown Source)
	at org.openqa.selenium.remote.ErrorHandler.createThrowable(ErrorHandler.java:206)
	at org.openqa.selenium.remote.ErrorHandler.throwIfResponseFailed(ErrorHandler.java:158)
	at org.openqa.selenium.remote.RemoteWebDriver.execute(RemoteWebDriver.java:678)
	at io.appium.java_client.DefaultGenericMobileDriver.execute(DefaultGenericMobileDriver.java:42)
	at io.appium.java_client.AppiumDriver.execute(AppiumDriver.java:1)
	at io.appium.java_client.android.AndroidDriver.execute(AndroidDriver.java:1)
	at org.openqa.selenium.remote.RemoteWebDriver.findElement(RemoteWebDriver.java:363)
	at io.appium.java_client.android.AndroidDriver.findElementByAndroidUIAutomator(AndroidDriver.java:394)
	at com.oribo.android365.testcase.Personcenter.CheckMyHub(Personcenter.java:136)
	at sun.reflect.NativeMethodAccessorImpl.invoke0(Native Method)
	at sun.reflect.NativeMethodAccessorImpl.invoke(Unknown Source)
	at sun.reflect.DelegatingMethodAccessorImpl.invoke(Unknown Source)
	at java.lang.reflect.Method.invoke(Unknown Source)
	at org.testng.internal.MethodInvocationHelper.invokeMethod(MethodInvocationHelper.java:104)
	at org.testng.internal.Invoker.invokeMethod(Invoker.java:645)
	at org.testng.internal.Invoker.retryFailed(Invoker.java:998)
	at org.testng.internal.Invoker.invokeTestMethods(Invoker.java:1200)
	at org.testng.internal.TestMethodWorker.invokeTestMethods(TestMethodWorker.java:129)
	at org.testng.internal.TestMethodWorker.run(TestMethodWorker.java:112)
	at org.testng.TestRunner.privateRun(TestRunner.java:756)
	at org.testng.TestRunner.run(TestRunner.java:610)
	at org.testng.SuiteRunner.runTest(SuiteRunner.java:387)
	at org.testng.SuiteRunner.runSequentially(SuiteRunner.java:382)
	at org.testng.SuiteRunner.privateRun(SuiteRunner.java:340)
	at org.testng.SuiteRunner.run(SuiteRunner.java:289)
	at org.testng.SuiteRunnerWorker.runSuite(SuiteRunnerWorker.java:52)
	at org.testng.SuiteRunnerWorker.run(SuiteRunnerWorker.java:86)
	at org.testng.TestNG.runSuitesSequentially(TestNG.java:1293)
	at org.testng.TestNG.runSuitesLocally(TestNG.java:1218)
	at org.testng.TestNG.runSuites(TestNG.java:1133)
	at org.testng.TestNG.run(TestNG.java:1104)
	at org.testng.remote.AbstractRemoteTestNG.run(AbstractRemoteTestNG.java:132)
	at org.testng.remote.RemoteTestNG.initAndRun(RemoteTestNG.java:236)
	at org.testng.remote.RemoteTestNG.main(RemoteTestNG.java:81)
]]>
    </error>
  </testcase> <!-- CheckMyHub -->
  <testcase name="identifycode" time="46.833" classname="com.oribo.android365.testcase.Personcenter">
    <failure type="java.lang.AssertionError" message="验证为空时下一步可点击 expected [false] but found [true]">
      <![CDATA[java.lang.AssertionError: 验证为空时下一步可点击 expected [false] but found [true]
	at org.testng.Assert.fail(Assert.java:94)
	at org.testng.Assert.failNotEquals(Assert.java:513)
	at org.testng.Assert.assertFalse(Assert.java:63)
	at com.oribo.android365.testcase.Personcenter.identifycode(Personcenter.java:580)
	at sun.reflect.NativeMethodAccessorImpl.invoke0(Native Method)
	at sun.reflect.NativeMethodAccessorImpl.invoke(Unknown Source)
	at sun.reflect.DelegatingMethodAccessorImpl.invoke(Unknown Source)
	at java.lang.reflect.Method.invoke(Unknown Source)
	at org.testng.internal.MethodInvocationHelper.invokeMethod(MethodInvocationHelper.java:104)
	at org.testng.internal.Invoker.invokeMethod(Invoker.java:645)
	at org.testng.internal.Invoker.invokeTestMethod(Invoker.java:851)
	at org.testng.internal.Invoker.invokeTestMethods(Invoker.java:1177)
	at org.testng.internal.TestMethodWorker.invokeTestMethods(TestMethodWorker.java:129)
	at org.testng.internal.TestMethodWorker.run(TestMethodWorker.java:112)
	at org.testng.TestRunner.privateRun(TestRunner.java:756)
	at org.testng.TestRunner.run(TestRunner.java:610)
	at org.testng.SuiteRunner.runTest(SuiteRunner.java:387)
	at org.testng.SuiteRunner.runSequentially(SuiteRunner.java:382)
	at org.testng.SuiteRunner.privateRun(SuiteRunner.java:340)
	at org.testng.SuiteRunner.run(SuiteRunner.java:289)
	at org.testng.SuiteRunnerWorker.runSuite(SuiteRunnerWorker.java:52)
	at org.testng.SuiteRunnerWorker.run(SuiteRunnerWorker.java:86)
	at org.testng.TestNG.runSuitesSequentially(TestNG.java:1293)
	at org.testng.TestNG.runSuitesLocally(TestNG.java:1218)
	at org.testng.TestNG.runSuites(TestNG.java:1133)
	at org.testng.TestNG.run(TestNG.java:1104)
	at org.testng.remote.AbstractRemoteTestNG.run(AbstractRemoteTestNG.java:132)
	at org.testng.remote.RemoteTestNG.initAndRun(RemoteTestNG.java:236)
	at org.testng.remote.RemoteTestNG.main(RemoteTestNG.java:81)
]]>
    </failure>
  </testcase> <!-- identifycode -->
  <testcase name="grephonenumber" time="44.358" classname="com.oribo.android365.testcase.Personcenter"/>
  <testcase name="CancelDeleteHostNotice" time="0.000" classname="com.oribo.android365.testcase.Personcenter">
    <skipped/>
  </testcase> <!-- CancelDeleteHostNotice -->
  <testcase name="CheckMyHubBack" time="0.000" classname="com.oribo.android365.testcase.Personcenter">
    <skipped/>
  </testcase> <!-- CheckMyHubBack -->
  <testcase name="ClickMore" time="0.000" classname="com.oribo.android365.testcase.Personcenter">
    <skipped/>
  </testcase> <!-- ClickMore -->
  <testcase name="homemanage" time="92.653" classname="com.oribo.android365.testcase.Personcenter"/>
  <testcase name="nickNull" time="41.032" classname="com.oribo.android365.testcase.Personcenter"/>
  <testcase name="setphotobyalbum" time="69.154" classname="com.oribo.android365.testcase.Personcenter"/>
  <testcase name="modifypassword" time="84.912" classname="com.oribo.android365.testcase.Personcenter"/>
  <testcase name="rightaccount" time="286.056" classname="com.oribo.android365.testcase.Personcenter"/>
  <testcase name="CheckMyHub" time="55.153" classname="com.oribo.android365.testcase.Personcenter">
    <skipped/>
  </testcase> <!-- CheckMyHub -->
  <testcase name="checkaccount" time="39.488" classname="com.oribo.android365.testcase.Personcenter"/>
  <testcase name="forgetpassword" time="110.713" classname="com.oribo.android365.testcase.Personcenter"/>
  <testcase name="setphotobycamera" time="89.627" classname="com.oribo.android365.testcase.Personcenter"/>
  <testcase name="CheckMyHubFirmwareVersion" time="0.000" classname="com.oribo.android365.testcase.Personcenter">
    <skipped/>
  </testcase> <!-- CheckMyHubFirmwareVersion -->
  <testcase name="nickmodify" time="45.169" classname="com.oribo.android365.testcase.Personcenter"/>
  <testcase name="about" time="45.268" classname="com.oribo.android365.testcase.Personcenter"/>
  <testcase name="phonebind" time="44.644" classname="com.oribo.android365.testcase.Personcenter"/>
  <testcase name="CheckMyHubMac" time="0.000" classname="com.oribo.android365.testcase.Personcenter">
    <skipped/>
  </testcase> <!-- CheckMyHubMac -->
  <testcase name="specialchar" time="44.643" classname="com.oribo.android365.testcase.Personcenter"/>
  <testcase name="nickmaxchina" time="46.530" classname="com.oribo.android365.testcase.Personcenter"/>
  <testcase name="lesphonenumber" time="44.096" classname="com.oribo.android365.testcase.Personcenter"/>
  <testcase name="CheckMyHub" time="57.111" classname="com.oribo.android365.testcase.Personcenter">
    <skipped/>
  </testcase> <!-- CheckMyHub -->
  <testcase name="CheckMyHubIpAddress" time="0.000" classname="com.oribo.android365.testcase.Personcenter">
    <skipped/>
  </testcase> <!-- CheckMyHubIpAddress -->
  <testcase name="nickmaxeng" time="61.528" classname="com.oribo.android365.testcase.Personcenter"/>
  <testcase name="checkbind" classname="com.oribo.android365.testcase.Personcenter">
    <skipped/>
  </testcase> <!-- checkbind -->
  <testcase name="checkdefaultphoto" classname="com.oribo.android365.testcase.Personcenter">
    <skipped/>
  </testcase> <!-- checkdefaultphoto -->
  <testcase name="DeleteHost" classname="com.oribo.android365.testcase.Personcenter">
    <skipped/>
  </testcase> <!-- DeleteHost -->
  <testcase name="authorization" classname="com.oribo.android365.testcase.Personcenter">
    <skipped/>
  </testcase> <!-- authorization -->
</testsuite> <!-- com.oribo.android365.testcase.Personcenter -->
